Determining if the pthread_create exist failed with the following output:
Change Dir: /home/vigneshnuc/catkin_ws/build/Extra Packages/cob_extern/opengm/EP_opengm-prefix/src/EP_opengm-build/CMakeFiles/CMakeTmp

Run Build Command:"/usr/bin/make" "cmTC_882a2/fast"
make[3]: Entering directory '/home/vigneshnuc/catkin_ws/build/Extra Packages/cob_extern/opengm/EP_opengm-prefix/src/EP_opengm-build/CMakeFiles/CMakeTmp'
/usr/bin/make -f CMakeFiles/cmTC_882a2.dir/build.make CMakeFiles/cmTC_882a2.dir/build
make[4]: Entering directory '/home/vigneshnuc/catkin_ws/build/Extra Packages/cob_extern/opengm/EP_opengm-prefix/src/EP_opengm-build/CMakeFiles/CMakeTmp'
Building C object CMakeFiles/cmTC_882a2.dir/CheckSymbolExists.c.o
/usr/bin/cc     -o CMakeFiles/cmTC_882a2.dir/CheckSymbolExists.c.o   -c "/home/vigneshnuc/catkin_ws/build/Extra Packages/cob_extern/opengm/EP_opengm-prefix/src/EP_opengm-build/CMakeFiles/CMakeTmp/CheckSymbolExists.c"
Linking C executable cmTC_882a2
/usr/bin/cmake -E cmake_link_script CMakeFiles/cmTC_882a2.dir/link.txt --verbose=1
/usr/bin/cc       CMakeFiles/cmTC_882a2.dir/CheckSymbolExists.c.o  -o cmTC_882a2 -rdynamic 
CMakeFiles/cmTC_882a2.dir/CheckSymbolExists.c.o: In function `main':
CheckSymbolExists.c:(.text+0x16): undefined reference to `pthread_create'
collect2: error: ld returned 1 exit status
CMakeFiles/cmTC_882a2.dir/build.make:97: recipe for target 'cmTC_882a2' failed
make[4]: *** [cmTC_882a2] Error 1
make[4]: Leaving directory '/home/vigneshnuc/catkin_ws/build/Extra Packages/cob_extern/opengm/EP_opengm-prefix/src/EP_opengm-build/CMakeFiles/CMakeTmp'
Makefile:126: recipe for target 'cmTC_882a2/fast' failed
make[3]: *** [cmTC_882a2/fast] Error 2
make[3]: Leaving directory '/home/vigneshnuc/catkin_ws/build/Extra Packages/cob_extern/opengm/EP_opengm-prefix/src/EP_opengm-build/CMakeFiles/CMakeTmp'

File /home/vigneshnuc/catkin_ws/build/Extra Packages/cob_extern/opengm/EP_opengm-prefix/src/EP_opengm-build/CMakeFiles/CMakeTmp/CheckSymbolExists.c:
/* */
#include <pthread.h>

int main(int argc, char** argv)
{
  (void)argv;
#ifndef pthread_create
  return ((int*)(&pthread_create))[argc];
#else
  (void)argc;
  return 0;
#endif
}

Determining if the function pthread_create exists in the pthreads failed with the following output:
Change Dir: /home/vigneshnuc/catkin_ws/build/Extra Packages/cob_extern/opengm/EP_opengm-prefix/src/EP_opengm-build/CMakeFiles/CMakeTmp

Run Build Command:"/usr/bin/make" "cmTC_18d31/fast"
make[3]: Entering directory '/home/vigneshnuc/catkin_ws/build/Extra Packages/cob_extern/opengm/EP_opengm-prefix/src/EP_opengm-build/CMakeFiles/CMakeTmp'
/usr/bin/make -f CMakeFiles/cmTC_18d31.dir/build.make CMakeFiles/cmTC_18d31.dir/build
make[4]: Entering directory '/home/vigneshnuc/catkin_ws/build/Extra Packages/cob_extern/opengm/EP_opengm-prefix/src/EP_opengm-build/CMakeFiles/CMakeTmp'
Building C object CMakeFiles/cmTC_18d31.dir/CheckFunctionExists.c.o
/usr/bin/cc    -DCHECK_FUNCTION_EXISTS=pthread_create   -o CMakeFiles/cmTC_18d31.dir/CheckFunctionExists.c.o   -c /usr/share/cmake-3.5/Modules/CheckFunctionExists.c
Linking C executable cmTC_18d31
/usr/bin/cmake -E cmake_link_script CMakeFiles/cmTC_18d31.dir/link.txt --verbose=1
/usr/bin/cc   -DCHECK_FUNCTION_EXISTS=pthread_create    CMakeFiles/cmTC_18d31.dir/CheckFunctionExists.c.o  -o cmTC_18d31 -rdynamic -lpthreads 
/usr/bin/ld: cannot find -lpthreads
collect2: error: ld returned 1 exit status
CMakeFiles/cmTC_18d31.dir/build.make:97: recipe for target 'cmTC_18d31' failed
make[4]: *** [cmTC_18d31] Error 1
make[4]: Leaving directory '/home/vigneshnuc/catkin_ws/build/Extra Packages/cob_extern/opengm/EP_opengm-prefix/src/EP_opengm-build/CMakeFiles/CMakeTmp'
Makefile:126: recipe for target 'cmTC_18d31/fast' failed
make[3]: *** [cmTC_18d31/fast] Error 2
make[3]: Leaving directory '/home/vigneshnuc/catkin_ws/build/Extra Packages/cob_extern/opengm/EP_opengm-prefix/src/EP_opengm-build/CMakeFiles/CMakeTmp'


