The system is: Linux - 4.10.0-38-generic - x86_64
Compiling the C compiler identification source file "CMakeCCompilerId.c" succeeded.
Compiler: /usr/bin/cc 
Build flags: 
Id flags: 

The output was:
0


Compilation of the C compiler identification source "CMakeCCompilerId.c" produced "a.out"

The C compiler identification is GNU, found in "/home/vigneshnuc/catkin_ws/build/Extra Packages/cob_extern/opengm/EP_opengm-prefix/src/EP_opengm-build/CMakeFiles/3.5.1/CompilerIdC/a.out"

Compiling the CXX compiler identification source file "CMakeCXXCompilerId.cpp" succeeded.
Compiler: /usr/bin/c++ 
Build flags: 
Id flags: 

The output was:
0


Compilation of the CXX compiler identification source "CMakeCXXCompilerId.cpp" produced "a.out"

The CXX compiler identification is GNU, found in "/home/vigneshnuc/catkin_ws/build/Extra Packages/cob_extern/opengm/EP_opengm-prefix/src/EP_opengm-build/CMakeFiles/3.5.1/CompilerIdCXX/a.out"

Determining if the C compiler works passed with the following output:
Change Dir: /home/vigneshnuc/catkin_ws/build/Extra Packages/cob_extern/opengm/EP_opengm-prefix/src/EP_opengm-build/CMakeFiles/CMakeTmp

Run Build Command:"/usr/bin/make" "cmTC_9e720/fast"
make[3]: Entering directory '/home/vigneshnuc/catkin_ws/build/Extra Packages/cob_extern/opengm/EP_opengm-prefix/src/EP_opengm-build/CMakeFiles/CMakeTmp'
/usr/bin/make -f CMakeFiles/cmTC_9e720.dir/build.make CMakeFiles/cmTC_9e720.dir/build
make[4]: Entering directory '/home/vigneshnuc/catkin_ws/build/Extra Packages/cob_extern/opengm/EP_opengm-prefix/src/EP_opengm-build/CMakeFiles/CMakeTmp'
Building C object CMakeFiles/cmTC_9e720.dir/testCCompiler.c.o
/usr/bin/cc     -o CMakeFiles/cmTC_9e720.dir/testCCompiler.c.o   -c "/home/vigneshnuc/catkin_ws/build/Extra Packages/cob_extern/opengm/EP_opengm-prefix/src/EP_opengm-build/CMakeFiles/CMakeTmp/testCCompiler.c"
Linking C executable cmTC_9e720
/usr/bin/cmake -E cmake_link_script CMakeFiles/cmTC_9e720.dir/link.txt --verbose=1
/usr/bin/cc       CMakeFiles/cmTC_9e720.dir/testCCompiler.c.o  -o cmTC_9e720 -rdynamic 
make[4]: Leaving directory '/home/vigneshnuc/catkin_ws/build/Extra Packages/cob_extern/opengm/EP_opengm-prefix/src/EP_opengm-build/CMakeFiles/CMakeTmp'
make[3]: Leaving directory '/home/vigneshnuc/catkin_ws/build/Extra Packages/cob_extern/opengm/EP_opengm-prefix/src/EP_opengm-build/CMakeFiles/CMakeTmp'


Detecting C compiler ABI info compiled with the following output:
Change Dir: /home/vigneshnuc/catkin_ws/build/Extra Packages/cob_extern/opengm/EP_opengm-prefix/src/EP_opengm-build/CMakeFiles/CMakeTmp

Run Build Command:"/usr/bin/make" "cmTC_5f491/fast"
make[3]: Entering directory '/home/vigneshnuc/catkin_ws/build/Extra Packages/cob_extern/opengm/EP_opengm-prefix/src/EP_opengm-build/CMakeFiles/CMakeTmp'
/usr/bin/make -f CMakeFiles/cmTC_5f491.dir/build.make CMakeFiles/cmTC_5f491.dir/build
make[4]: Entering directory '/home/vigneshnuc/catkin_ws/build/Extra Packages/cob_extern/opengm/EP_opengm-prefix/src/EP_opengm-build/CMakeFiles/CMakeTmp'
Building C object CMakeFiles/cmTC_5f491.dir/CMakeCCompilerABI.c.o
/usr/bin/cc     -o CMakeFiles/cmTC_5f491.dir/CMakeCCompilerABI.c.o   -c /usr/share/cmake-3.5/Modules/CMakeCCompilerABI.c
Linking C executable cmTC_5f491
/usr/bin/cmake -E cmake_link_script CMakeFiles/cmTC_5f491.dir/link.txt --verbose=1
/usr/bin/cc      -v CMakeFiles/cmTC_5f491.dir/CMakeCCompilerABI.c.o  -o cmTC_5f491 -rdynamic  
Using built-in specs.
COLLECT_GCC=/usr/bin/cc
COLLECT_LTO_WRAPPER=/usr/lib/gcc/x86_64-linux-gnu/5/lto-wrapper
Target: x86_64-linux-gnu
Configured with: ../src/configure -v --with-pkgversion='Ubuntu 5.4.0-6ubuntu1~16.04.4' --with-bugurl=file:///usr/share/doc/gcc-5/README.Bugs --enable-languages=c,ada,c++,java,go,d,fortran,objc,obj-c++ --prefix=/usr --program-suffix=-5 --enable-shared --enable-linker-build-id --libexecdir=/usr/lib --without-included-gettext --enable-threads=posix --libdir=/usr/lib --enable-nls --with-sysroot=/ --enable-clocale=gnu --enable-libstdcxx-debug --enable-libstdcxx-time=yes --with-default-libstdcxx-abi=new --enable-gnu-unique-object --disable-vtable-verify --enable-libmpx --enable-plugin --with-system-zlib --disable-browser-plugin --enable-java-awt=gtk --enable-gtk-cairo --with-java-home=/usr/lib/jvm/java-1.5.0-gcj-5-amd64/jre --enable-java-home --with-jvm-root-dir=/usr/lib/jvm/java-1.5.0-gcj-5-amd64 --with-jvm-jar-dir=/usr/lib/jvm-exports/java-1.5.0-gcj-5-amd64 --with-arch-directory=amd64 --with-ecj-jar=/usr/share/java/eclipse-ecj.jar --enable-objc-gc --enable-multiarch --disable-werror --with-arch-32=i686 --with-abi=m64 --with-multilib-list=m32,m64,mx32 --enable-multilib --with-tune=generic --enable-checking=release --build=x86_64-linux-gnu --host=x86_64-linux-gnu --target=x86_64-linux-gnu
Thread model: posix
gcc version 5.4.0 20160609 (Ubuntu 5.4.0-6ubuntu1~16.04.4) 
COMPILER_PATH=/usr/lib/gcc/x86_64-linux-gnu/5/:/usr/lib/gcc/x86_64-linux-gnu/5/:/usr/lib/gcc/x86_64-linux-gnu/:/usr/lib/gcc/x86_64-linux-gnu/5/:/usr/lib/gcc/x86_64-linux-gnu/
LIBRARY_PATH=/usr/lib/gcc/x86_64-linux-gnu/5/:/usr/lib/gcc/x86_64-linux-gnu/5/../../../x86_64-linux-gnu/:/usr/lib/gcc/x86_64-linux-gnu/5/../../../../lib/:/lib/x86_64-linux-gnu/:/lib/../lib/:/usr/lib/x86_64-linux-gnu/:/usr/lib/../lib/:/usr/lib/gcc/x86_64-linux-gnu/5/../../../:/lib/:/usr/lib/
COLLECT_GCC_OPTIONS='-v' '-o' 'cmTC_5f491' '-rdynamic' '-mtune=generic' '-march=x86-64'
 /usr/lib/gcc/x86_64-linux-gnu/5/collect2 -plugin /usr/lib/gcc/x86_64-linux-gnu/5/liblto_plugin.so -plugin-opt=/usr/lib/gcc/x86_64-linux-gnu/5/lto-wrapper -plugin-opt=-fresolution=/tmp/ccau1U1G.res -plugin-opt=-pass-through=-lgcc -plugin-opt=-pass-through=-lgcc_s -plugin-opt=-pass-through=-lc -plugin-opt=-pass-through=-lgcc -plugin-opt=-pass-through=-lgcc_s --sysroot=/ --build-id --eh-frame-hdr -m elf_x86_64 --hash-style=gnu --as-needed -export-dynamic -dynamic-linker /lib64/ld-linux-x86-64.so.2 -z relro -o cmTC_5f491 /usr/lib/gcc/x86_64-linux-gnu/5/../../../x86_64-linux-gnu/crt1.o /usr/lib/gcc/x86_64-linux-gnu/5/../../../x86_64-linux-gnu/crti.o /usr/lib/gcc/x86_64-linux-gnu/5/crtbegin.o -L/usr/lib/gcc/x86_64-linux-gnu/5 -L/usr/lib/gcc/x86_64-linux-gnu/5/../../../x86_64-linux-gnu -L/usr/lib/gcc/x86_64-linux-gnu/5/../../../../lib -L/lib/x86_64-linux-gnu -L/lib/../lib -L/usr/lib/x86_64-linux-gnu -L/usr/lib/../lib -L/usr/lib/gcc/x86_64-linux-gnu/5/../../.. CMakeFiles/cmTC_5f491.dir/CMakeCCompilerABI.c.o -lgcc --as-needed -lgcc_s --no-as-needed -lc -lgcc --as-needed -lgcc_s --no-as-needed /usr/lib/gcc/x86_64-linux-gnu/5/crtend.o /usr/lib/gcc/x86_64-linux-gnu/5/../../../x86_64-linux-gnu/crtn.o
make[4]: Leaving directory '/home/vigneshnuc/catkin_ws/build/Extra Packages/cob_extern/opengm/EP_opengm-prefix/src/EP_opengm-build/CMakeFiles/CMakeTmp'
make[3]: Leaving directory '/home/vigneshnuc/catkin_ws/build/Extra Packages/cob_extern/opengm/EP_opengm-prefix/src/EP_opengm-build/CMakeFiles/CMakeTmp'


Parsed C implicit link information from above output:
  link line regex: [^( *|.*[/\])(ld|([^/\]+-)?ld|collect2)[^/\]*( |$)]
  ignore line: [Change Dir: /home/vigneshnuc/catkin_ws/build/Extra Packages/cob_extern/opengm/EP_opengm-prefix/src/EP_opengm-build/CMakeFiles/CMakeTmp]
  ignore line: []
  ignore line: [Run Build Command:"/usr/bin/make" "cmTC_5f491/fast"]
  ignore line: [make[3]: Entering directory '/home/vigneshnuc/catkin_ws/build/Extra Packages/cob_extern/opengm/EP_opengm-prefix/src/EP_opengm-build/CMakeFiles/CMakeTmp']
  ignore line: [/usr/bin/make -f CMakeFiles/cmTC_5f491.dir/build.make CMakeFiles/cmTC_5f491.dir/build]
  ignore line: [make[4]: Entering directory '/home/vigneshnuc/catkin_ws/build/Extra Packages/cob_extern/opengm/EP_opengm-prefix/src/EP_opengm-build/CMakeFiles/CMakeTmp']
  ignore line: [Building C object CMakeFiles/cmTC_5f491.dir/CMakeCCompilerABI.c.o]
  ignore line: [/usr/bin/cc     -o CMakeFiles/cmTC_5f491.dir/CMakeCCompilerABI.c.o   -c /usr/share/cmake-3.5/Modules/CMakeCCompilerABI.c]
  ignore line: [Linking C executable cmTC_5f491]
  ignore line: [/usr/bin/cmake -E cmake_link_script CMakeFiles/cmTC_5f491.dir/link.txt --verbose=1]
  ignore line: [/usr/bin/cc      -v CMakeFiles/cmTC_5f491.dir/CMakeCCompilerABI.c.o  -o cmTC_5f491 -rdynamic  ]
  ignore line: [Using built-in specs.]
  ignore line: [COLLECT_GCC=/usr/bin/cc]
  ignore line: [COLLECT_LTO_WRAPPER=/usr/lib/gcc/x86_64-linux-gnu/5/lto-wrapper]
  ignore line: [Target: x86_64-linux-gnu]
  ignore line: [Configured with: ../src/configure -v --with-pkgversion='Ubuntu 5.4.0-6ubuntu1~16.04.4' --with-bugurl=file:///usr/share/doc/gcc-5/README.Bugs --enable-languages=c,ada,c++,java,go,d,fortran,objc,obj-c++ --prefix=/usr --program-suffix=-5 --enable-shared --enable-linker-build-id --libexecdir=/usr/lib --without-included-gettext --enable-threads=posix --libdir=/usr/lib --enable-nls --with-sysroot=/ --enable-clocale=gnu --enable-libstdcxx-debug --enable-libstdcxx-time=yes --with-default-libstdcxx-abi=new --enable-gnu-unique-object --disable-vtable-verify --enable-libmpx --enable-plugin --with-system-zlib --disable-browser-plugin --enable-java-awt=gtk --enable-gtk-cairo --with-java-home=/usr/lib/jvm/java-1.5.0-gcj-5-amd64/jre --enable-java-home --with-jvm-root-dir=/usr/lib/jvm/java-1.5.0-gcj-5-amd64 --with-jvm-jar-dir=/usr/lib/jvm-exports/java-1.5.0-gcj-5-amd64 --with-arch-directory=amd64 --with-ecj-jar=/usr/share/java/eclipse-ecj.jar --enable-objc-gc --enable-multiarch --disable-werror --with-arch-32=i686 --with-abi=m64 --with-multilib-list=m32,m64,mx32 --enable-multilib --with-tune=generic --enable-checking=release --build=x86_64-linux-gnu --host=x86_64-linux-gnu --target=x86_64-linux-gnu]
  ignore line: [Thread model: posix]
  ignore line: [gcc version 5.4.0 20160609 (Ubuntu 5.4.0-6ubuntu1~16.04.4) ]
  ignore line: [COMPILER_PATH=/usr/lib/gcc/x86_64-linux-gnu/5/:/usr/lib/gcc/x86_64-linux-gnu/5/:/usr/lib/gcc/x86_64-linux-gnu/:/usr/lib/gcc/x86_64-linux-gnu/5/:/usr/lib/gcc/x86_64-linux-gnu/]
  ignore line: [LIBRARY_PATH=/usr/lib/gcc/x86_64-linux-gnu/5/:/usr/lib/gcc/x86_64-linux-gnu/5/../../../x86_64-linux-gnu/:/usr/lib/gcc/x86_64-linux-gnu/5/../../../../lib/:/lib/x86_64-linux-gnu/:/lib/../lib/:/usr/lib/x86_64-linux-gnu/:/usr/lib/../lib/:/usr/lib/gcc/x86_64-linux-gnu/5/../../../:/lib/:/usr/lib/]
  ignore line: [COLLECT_GCC_OPTIONS='-v' '-o' 'cmTC_5f491' '-rdynamic' '-mtune=generic' '-march=x86-64']
  link line: [ /usr/lib/gcc/x86_64-linux-gnu/5/collect2 -plugin /usr/lib/gcc/x86_64-linux-gnu/5/liblto_plugin.so -plugin-opt=/usr/lib/gcc/x86_64-linux-gnu/5/lto-wrapper -plugin-opt=-fresolution=/tmp/ccau1U1G.res -plugin-opt=-pass-through=-lgcc -plugin-opt=-pass-through=-lgcc_s -plugin-opt=-pass-through=-lc -plugin-opt=-pass-through=-lgcc -plugin-opt=-pass-through=-lgcc_s --sysroot=/ --build-id --eh-frame-hdr -m elf_x86_64 --hash-style=gnu --as-needed -export-dynamic -dynamic-linker /lib64/ld-linux-x86-64.so.2 -z relro -o cmTC_5f491 /usr/lib/gcc/x86_64-linux-gnu/5/../../../x86_64-linux-gnu/crt1.o /usr/lib/gcc/x86_64-linux-gnu/5/../../../x86_64-linux-gnu/crti.o /usr/lib/gcc/x86_64-linux-gnu/5/crtbegin.o -L/usr/lib/gcc/x86_64-linux-gnu/5 -L/usr/lib/gcc/x86_64-linux-gnu/5/../../../x86_64-linux-gnu -L/usr/lib/gcc/x86_64-linux-gnu/5/../../../../lib -L/lib/x86_64-linux-gnu -L/lib/../lib -L/usr/lib/x86_64-linux-gnu -L/usr/lib/../lib -L/usr/lib/gcc/x86_64-linux-gnu/5/../../.. CMakeFiles/cmTC_5f491.dir/CMakeCCompilerABI.c.o -lgcc --as-needed -lgcc_s --no-as-needed -lc -lgcc --as-needed -lgcc_s --no-as-needed /usr/lib/gcc/x86_64-linux-gnu/5/crtend.o /usr/lib/gcc/x86_64-linux-gnu/5/../../../x86_64-linux-gnu/crtn.o]
    arg [/usr/lib/gcc/x86_64-linux-gnu/5/collect2] ==> ignore
    arg [-plugin] ==> ignore
    arg [/usr/lib/gcc/x86_64-linux-gnu/5/liblto_plugin.so] ==> ignore
    arg [-plugin-opt=/usr/lib/gcc/x86_64-linux-gnu/5/lto-wrapper] ==> ignore
    arg [-plugin-opt=-fresolution=/tmp/ccau1U1G.res] ==> ignore
    arg [-plugin-opt=-pass-through=-lgcc] ==> ignore
    arg [-plugin-opt=-pass-through=-lgcc_s] ==> ignore
    arg [-plugin-opt=-pass-through=-lc] ==> ignore
    arg [-plugin-opt=-pass-through=-lgcc] ==> ignore
    arg [-plugin-opt=-pass-through=-lgcc_s] ==> ignore
    arg [--sysroot=/] ==> ignore
    arg [--build-id] ==> ignore
    arg [--eh-frame-hdr] ==> ignore
    arg [-m] ==> ignore
    arg [elf_x86_64] ==> ignore
    arg [--hash-style=gnu] ==> ignore
    arg [--as-needed] ==> ignore
    arg [-export-dynamic] ==> ignore
    arg [-dynamic-linker] ==> ignore
    arg [/lib64/ld-linux-x86-64.so.2] ==> ignore
    arg [-zrelro] ==> ignore
    arg [-o] ==> ignore
    arg [cmTC_5f491] ==> ignore
    arg [/usr/lib/gcc/x86_64-linux-gnu/5/../../../x86_64-linux-gnu/crt1.o] ==> ignore
    arg [/usr/lib/gcc/x86_64-linux-gnu/5/../../../x86_64-linux-gnu/crti.o] ==> ignore
    arg [/usr/lib/gcc/x86_64-linux-gnu/5/crtbegin.o] ==> ignore
    arg [-L/usr/lib/gcc/x86_64-linux-gnu/5] ==> dir [/usr/lib/gcc/x86_64-linux-gnu/5]
    arg [-L/usr/lib/gcc/x86_64-linux-gnu/5/../../../x86_64-linux-gnu] ==> dir [/usr/lib/gcc/x86_64-linux-gnu/5/../../../x86_64-linux-gnu]
    arg [-L/usr/lib/gcc/x86_64-linux-gnu/5/../../../../lib] ==> dir [/usr/lib/gcc/x86_64-linux-gnu/5/../../../../lib]
    arg [-L/lib/x86_64-linux-gnu] ==> dir [/lib/x86_64-linux-gnu]
    arg [-L/lib/../lib] ==> dir [/lib/../lib]
    arg [-L/usr/lib/x86_64-linux-gnu] ==> dir [/usr/lib/x86_64-linux-gnu]
    arg [-L/usr/lib/../lib] ==> dir [/usr/lib/../lib]
    arg [-L/usr/lib/gcc/x86_64-linux-gnu/5/../../..] ==> dir [/usr/lib/gcc/x86_64-linux-gnu/5/../../..]
    arg [CMakeFiles/cmTC_5f491.dir/CMakeCCompilerABI.c.o] ==> ignore
    arg [-lgcc] ==> lib [gcc]
    arg [--as-needed] ==> ignore
    arg [-lgcc_s] ==> lib [gcc_s]
    arg [--no-as-needed] ==> ignore
    arg [-lc] ==> lib [c]
    arg [-lgcc] ==> lib [gcc]
    arg [--as-needed] ==> ignore
    arg [-lgcc_s] ==> lib [gcc_s]
    arg [--no-as-needed] ==> ignore
    arg [/usr/lib/gcc/x86_64-linux-gnu/5/crtend.o] ==> ignore
    arg [/usr/lib/gcc/x86_64-linux-gnu/5/../../../x86_64-linux-gnu/crtn.o] ==> ignore
  remove lib [gcc]
  remove lib [gcc_s]
  remove lib [gcc]
  remove lib [gcc_s]
  collapse library dir [/usr/lib/gcc/x86_64-linux-gnu/5] ==> [/usr/lib/gcc/x86_64-linux-gnu/5]
  collapse library dir [/usr/lib/gcc/x86_64-linux-gnu/5/../../../x86_64-linux-gnu] ==> [/usr/lib/x86_64-linux-gnu]
  collapse library dir [/usr/lib/gcc/x86_64-linux-gnu/5/../../../../lib] ==> [/usr/lib]
  collapse library dir [/lib/x86_64-linux-gnu] ==> [/lib/x86_64-linux-gnu]
  collapse library dir [/lib/../lib] ==> [/lib]
  collapse library dir [/usr/lib/x86_64-linux-gnu] ==> [/usr/lib/x86_64-linux-gnu]
  collapse library dir [/usr/lib/../lib] ==> [/usr/lib]
  collapse library dir [/usr/lib/gcc/x86_64-linux-gnu/5/../../..] ==> [/usr/lib]
  implicit libs: [c]
  implicit dirs: [/usr/lib/gcc/x86_64-linux-gnu/5;/usr/lib/x86_64-linux-gnu;/usr/lib;/lib/x86_64-linux-gnu;/lib]
  implicit fwks: []




Detecting C [-std=c11] compiler features compiled with the following output:
Change Dir: /home/vigneshnuc/catkin_ws/build/Extra Packages/cob_extern/opengm/EP_opengm-prefix/src/EP_opengm-build/CMakeFiles/CMakeTmp

Run Build Command:"/usr/bin/make" "cmTC_28882/fast"
make[3]: Entering directory '/home/vigneshnuc/catkin_ws/build/Extra Packages/cob_extern/opengm/EP_opengm-prefix/src/EP_opengm-build/CMakeFiles/CMakeTmp'
/usr/bin/make -f CMakeFiles/cmTC_28882.dir/build.make CMakeFiles/cmTC_28882.dir/build
make[4]: Entering directory '/home/vigneshnuc/catkin_ws/build/Extra Packages/cob_extern/opengm/EP_opengm-prefix/src/EP_opengm-build/CMakeFiles/CMakeTmp'
Building C object CMakeFiles/cmTC_28882.dir/feature_tests.c.o
/usr/bin/cc    -std=c11 -o CMakeFiles/cmTC_28882.dir/feature_tests.c.o   -c "/home/vigneshnuc/catkin_ws/build/Extra Packages/cob_extern/opengm/EP_opengm-prefix/src/EP_opengm-build/CMakeFiles/feature_tests.c"
Linking C executable cmTC_28882
/usr/bin/cmake -E cmake_link_script CMakeFiles/cmTC_28882.dir/link.txt --verbose=1
/usr/bin/cc       CMakeFiles/cmTC_28882.dir/feature_tests.c.o  -o cmTC_28882 -rdynamic 
make[4]: Leaving directory '/home/vigneshnuc/catkin_ws/build/Extra Packages/cob_extern/opengm/EP_opengm-prefix/src/EP_opengm-build/CMakeFiles/CMakeTmp'
make[3]: Leaving directory '/home/vigneshnuc/catkin_ws/build/Extra Packages/cob_extern/opengm/EP_opengm-prefix/src/EP_opengm-build/CMakeFiles/CMakeTmp'


    Feature record: C_FEATURE:1c_function_prototypes
    Feature record: C_FEATURE:1c_restrict
    Feature record: C_FEATURE:1c_static_assert
    Feature record: C_FEATURE:1c_variadic_macros


Detecting C [-std=c99] compiler features compiled with the following output:
Change Dir: /home/vigneshnuc/catkin_ws/build/Extra Packages/cob_extern/opengm/EP_opengm-prefix/src/EP_opengm-build/CMakeFiles/CMakeTmp

Run Build Command:"/usr/bin/make" "cmTC_59b9b/fast"
make[3]: Entering directory '/home/vigneshnuc/catkin_ws/build/Extra Packages/cob_extern/opengm/EP_opengm-prefix/src/EP_opengm-build/CMakeFiles/CMakeTmp'
/usr/bin/make -f CMakeFiles/cmTC_59b9b.dir/build.make CMakeFiles/cmTC_59b9b.dir/build
make[4]: Entering directory '/home/vigneshnuc/catkin_ws/build/Extra Packages/cob_extern/opengm/EP_opengm-prefix/src/EP_opengm-build/CMakeFiles/CMakeTmp'
Building C object CMakeFiles/cmTC_59b9b.dir/feature_tests.c.o
/usr/bin/cc    -std=c99 -o CMakeFiles/cmTC_59b9b.dir/feature_tests.c.o   -c "/home/vigneshnuc/catkin_ws/build/Extra Packages/cob_extern/opengm/EP_opengm-prefix/src/EP_opengm-build/CMakeFiles/feature_tests.c"
Linking C executable cmTC_59b9b
/usr/bin/cmake -E cmake_link_script CMakeFiles/cmTC_59b9b.dir/link.txt --verbose=1
/usr/bin/cc       CMakeFiles/cmTC_59b9b.dir/feature_tests.c.o  -o cmTC_59b9b -rdynamic 
make[4]: Leaving directory '/home/vigneshnuc/catkin_ws/build/Extra Packages/cob_extern/opengm/EP_opengm-prefix/src/EP_opengm-build/CMakeFiles/CMakeTmp'
make[3]: Leaving directory '/home/vigneshnuc/catkin_ws/build/Extra Packages/cob_extern/opengm/EP_opengm-prefix/src/EP_opengm-build/CMakeFiles/CMakeTmp'


    Feature record: C_FEATURE:1c_function_prototypes
    Feature record: C_FEATURE:1c_restrict
    Feature record: C_FEATURE:0c_static_assert
    Feature record: C_FEATURE:1c_variadic_macros


Detecting C [-std=c90] compiler features compiled with the following output:
Change Dir: /home/vigneshnuc/catkin_ws/build/Extra Packages/cob_extern/opengm/EP_opengm-prefix/src/EP_opengm-build/CMakeFiles/CMakeTmp

Run Build Command:"/usr/bin/make" "cmTC_b811d/fast"
make[3]: Entering directory '/home/vigneshnuc/catkin_ws/build/Extra Packages/cob_extern/opengm/EP_opengm-prefix/src/EP_opengm-build/CMakeFiles/CMakeTmp'
/usr/bin/make -f CMakeFiles/cmTC_b811d.dir/build.make CMakeFiles/cmTC_b811d.dir/build
make[4]: Entering directory '/home/vigneshnuc/catkin_ws/build/Extra Packages/cob_extern/opengm/EP_opengm-prefix/src/EP_opengm-build/CMakeFiles/CMakeTmp'
Building C object CMakeFiles/cmTC_b811d.dir/feature_tests.c.o
/usr/bin/cc    -std=c90 -o CMakeFiles/cmTC_b811d.dir/feature_tests.c.o   -c "/home/vigneshnuc/catkin_ws/build/Extra Packages/cob_extern/opengm/EP_opengm-prefix/src/EP_opengm-build/CMakeFiles/feature_tests.c"
Linking C executable cmTC_b811d
/usr/bin/cmake -E cmake_link_script CMakeFiles/cmTC_b811d.dir/link.txt --verbose=1
/usr/bin/cc       CMakeFiles/cmTC_b811d.dir/feature_tests.c.o  -o cmTC_b811d -rdynamic 
make[4]: Leaving directory '/home/vigneshnuc/catkin_ws/build/Extra Packages/cob_extern/opengm/EP_opengm-prefix/src/EP_opengm-build/CMakeFiles/CMakeTmp'
make[3]: Leaving directory '/home/vigneshnuc/catkin_ws/build/Extra Packages/cob_extern/opengm/EP_opengm-prefix/src/EP_opengm-build/CMakeFiles/CMakeTmp'


    Feature record: C_FEATURE:1c_function_prototypes
    Feature record: C_FEATURE:0c_restrict
    Feature record: C_FEATURE:0c_static_assert
    Feature record: C_FEATURE:0c_variadic_macros
Determining if the CXX compiler works passed with the following output:
Change Dir: /home/vigneshnuc/catkin_ws/build/Extra Packages/cob_extern/opengm/EP_opengm-prefix/src/EP_opengm-build/CMakeFiles/CMakeTmp

Run Build Command:"/usr/bin/make" "cmTC_c8245/fast"
make[3]: Entering directory '/home/vigneshnuc/catkin_ws/build/Extra Packages/cob_extern/opengm/EP_opengm-prefix/src/EP_opengm-build/CMakeFiles/CMakeTmp'
/usr/bin/make -f CMakeFiles/cmTC_c8245.dir/build.make CMakeFiles/cmTC_c8245.dir/build
make[4]: Entering directory '/home/vigneshnuc/catkin_ws/build/Extra Packages/cob_extern/opengm/EP_opengm-prefix/src/EP_opengm-build/CMakeFiles/CMakeTmp'
Building CXX object CMakeFiles/cmTC_c8245.dir/testCXXCompiler.cxx.o
/usr/bin/c++      -o CMakeFiles/cmTC_c8245.dir/testCXXCompiler.cxx.o -c "/home/vigneshnuc/catkin_ws/build/Extra Packages/cob_extern/opengm/EP_opengm-prefix/src/EP_opengm-build/CMakeFiles/CMakeTmp/testCXXCompiler.cxx"
Linking CXX executable cmTC_c8245
/usr/bin/cmake -E cmake_link_script CMakeFiles/cmTC_c8245.dir/link.txt --verbose=1
/usr/bin/c++        CMakeFiles/cmTC_c8245.dir/testCXXCompiler.cxx.o  -o cmTC_c8245 -rdynamic 
make[4]: Leaving directory '/home/vigneshnuc/catkin_ws/build/Extra Packages/cob_extern/opengm/EP_opengm-prefix/src/EP_opengm-build/CMakeFiles/CMakeTmp'
make[3]: Leaving directory '/home/vigneshnuc/catkin_ws/build/Extra Packages/cob_extern/opengm/EP_opengm-prefix/src/EP_opengm-build/CMakeFiles/CMakeTmp'


Detecting CXX compiler ABI info compiled with the following output:
Change Dir: /home/vigneshnuc/catkin_ws/build/Extra Packages/cob_extern/opengm/EP_opengm-prefix/src/EP_opengm-build/CMakeFiles/CMakeTmp

Run Build Command:"/usr/bin/make" "cmTC_6445a/fast"
make[3]: Entering directory '/home/vigneshnuc/catkin_ws/build/Extra Packages/cob_extern/opengm/EP_opengm-prefix/src/EP_opengm-build/CMakeFiles/CMakeTmp'
/usr/bin/make -f CMakeFiles/cmTC_6445a.dir/build.make CMakeFiles/cmTC_6445a.dir/build
make[4]: Entering directory '/home/vigneshnuc/catkin_ws/build/Extra Packages/cob_extern/opengm/EP_opengm-prefix/src/EP_opengm-build/CMakeFiles/CMakeTmp'
Building CXX object CMakeFiles/cmTC_6445a.dir/CMakeCXXCompilerABI.cpp.o
/usr/bin/c++      -o CMakeFiles/cmTC_6445a.dir/CMakeCXXCompilerABI.cpp.o -c /usr/share/cmake-3.5/Modules/CMakeCXXCompilerABI.cpp
Linking CXX executable cmTC_6445a
/usr/bin/cmake -E cmake_link_script CMakeFiles/cmTC_6445a.dir/link.txt --verbose=1
/usr/bin/c++       -v CMakeFiles/cmTC_6445a.dir/CMakeCXXCompilerABI.cpp.o  -o cmTC_6445a -rdynamic  
Using built-in specs.
COLLECT_GCC=/usr/bin/c++
COLLECT_LTO_WRAPPER=/usr/lib/gcc/x86_64-linux-gnu/5/lto-wrapper
Target: x86_64-linux-gnu
Configured with: ../src/configure -v --with-pkgversion='Ubuntu 5.4.0-6ubuntu1~16.04.4' --with-bugurl=file:///usr/share/doc/gcc-5/README.Bugs --enable-languages=c,ada,c++,java,go,d,fortran,objc,obj-c++ --prefix=/usr --program-suffix=-5 --enable-shared --enable-linker-build-id --libexecdir=/usr/lib --without-included-gettext --enable-threads=posix --libdir=/usr/lib --enable-nls --with-sysroot=/ --enable-clocale=gnu --enable-libstdcxx-debug --enable-libstdcxx-time=yes --with-default-libstdcxx-abi=new --enable-gnu-unique-object --disable-vtable-verify --enable-libmpx --enable-plugin --with-system-zlib --disable-browser-plugin --enable-java-awt=gtk --enable-gtk-cairo --with-java-home=/usr/lib/jvm/java-1.5.0-gcj-5-amd64/jre --enable-java-home --with-jvm-root-dir=/usr/lib/jvm/java-1.5.0-gcj-5-amd64 --with-jvm-jar-dir=/usr/lib/jvm-exports/java-1.5.0-gcj-5-amd64 --with-arch-directory=amd64 --with-ecj-jar=/usr/share/java/eclipse-ecj.jar --enable-objc-gc --enable-multiarch --disable-werror --with-arch-32=i686 --with-abi=m64 --with-multilib-list=m32,m64,mx32 --enable-multilib --with-tune=generic --enable-checking=release --build=x86_64-linux-gnu --host=x86_64-linux-gnu --target=x86_64-linux-gnu
Thread model: posix
gcc version 5.4.0 20160609 (Ubuntu 5.4.0-6ubuntu1~16.04.4) 
COMPILER_PATH=/usr/lib/gcc/x86_64-linux-gnu/5/:/usr/lib/gcc/x86_64-linux-gnu/5/:/usr/lib/gcc/x86_64-linux-gnu/:/usr/lib/gcc/x86_64-linux-gnu/5/:/usr/lib/gcc/x86_64-linux-gnu/
LIBRARY_PATH=/usr/lib/gcc/x86_64-linux-gnu/5/:/usr/lib/gcc/x86_64-linux-gnu/5/../../../x86_64-linux-gnu/:/usr/lib/gcc/x86_64-linux-gnu/5/../../../../lib/:/lib/x86_64-linux-gnu/:/lib/../lib/:/usr/lib/x86_64-linux-gnu/:/usr/lib/../lib/:/usr/lib/gcc/x86_64-linux-gnu/5/../../../:/lib/:/usr/lib/
COLLECT_GCC_OPTIONS='-v' '-o' 'cmTC_6445a' '-rdynamic' '-shared-libgcc' '-mtune=generic' '-march=x86-64'
 /usr/lib/gcc/x86_64-linux-gnu/5/collect2 -plugin /usr/lib/gcc/x86_64-linux-gnu/5/liblto_plugin.so -plugin-opt=/usr/lib/gcc/x86_64-linux-gnu/5/lto-wrapper -plugin-opt=-fresolution=/tmp/cciGl2sd.res -plugin-opt=-pass-through=-lgcc_s -plugin-opt=-pass-through=-lgcc -plugin-opt=-pass-through=-lc -plugin-opt=-pass-through=-lgcc_s -plugin-opt=-pass-through=-lgcc --sysroot=/ --build-id --eh-frame-hdr -m elf_x86_64 --hash-style=gnu --as-needed -export-dynamic -dynamic-linker /lib64/ld-linux-x86-64.so.2 -z relro -o cmTC_6445a /usr/lib/gcc/x86_64-linux-gnu/5/../../../x86_64-linux-gnu/crt1.o /usr/lib/gcc/x86_64-linux-gnu/5/../../../x86_64-linux-gnu/crti.o /usr/lib/gcc/x86_64-linux-gnu/5/crtbegin.o -L/usr/lib/gcc/x86_64-linux-gnu/5 -L/usr/lib/gcc/x86_64-linux-gnu/5/../../../x86_64-linux-gnu -L/usr/lib/gcc/x86_64-linux-gnu/5/../../../../lib -L/lib/x86_64-linux-gnu -L/lib/../lib -L/usr/lib/x86_64-linux-gnu -L/usr/lib/../lib -L/usr/lib/gcc/x86_64-linux-gnu/5/../../.. CMakeFiles/cmTC_6445a.dir/CMakeCXXCompilerABI.cpp.o -lstdc++ -lm -lgcc_s -lgcc -lc -lgcc_s -lgcc /usr/lib/gcc/x86_64-linux-gnu/5/crtend.o /usr/lib/gcc/x86_64-linux-gnu/5/../../../x86_64-linux-gnu/crtn.o
make[4]: Leaving directory '/home/vigneshnuc/catkin_ws/build/Extra Packages/cob_extern/opengm/EP_opengm-prefix/src/EP_opengm-build/CMakeFiles/CMakeTmp'
make[3]: Leaving directory '/home/vigneshnuc/catkin_ws/build/Extra Packages/cob_extern/opengm/EP_opengm-prefix/src/EP_opengm-build/CMakeFiles/CMakeTmp'


Parsed CXX implicit link information from above output:
  link line regex: [^( *|.*[/\])(ld|([^/\]+-)?ld|collect2)[^/\]*( |$)]
  ignore line: [Change Dir: /home/vigneshnuc/catkin_ws/build/Extra Packages/cob_extern/opengm/EP_opengm-prefix/src/EP_opengm-build/CMakeFiles/CMakeTmp]
  ignore line: []
  ignore line: [Run Build Command:"/usr/bin/make" "cmTC_6445a/fast"]
  ignore line: [make[3]: Entering directory '/home/vigneshnuc/catkin_ws/build/Extra Packages/cob_extern/opengm/EP_opengm-prefix/src/EP_opengm-build/CMakeFiles/CMakeTmp']
  ignore line: [/usr/bin/make -f CMakeFiles/cmTC_6445a.dir/build.make CMakeFiles/cmTC_6445a.dir/build]
  ignore line: [make[4]: Entering directory '/home/vigneshnuc/catkin_ws/build/Extra Packages/cob_extern/opengm/EP_opengm-prefix/src/EP_opengm-build/CMakeFiles/CMakeTmp']
  ignore line: [Building CXX object CMakeFiles/cmTC_6445a.dir/CMakeCXXCompilerABI.cpp.o]
  ignore line: [/usr/bin/c++      -o CMakeFiles/cmTC_6445a.dir/CMakeCXXCompilerABI.cpp.o -c /usr/share/cmake-3.5/Modules/CMakeCXXCompilerABI.cpp]
  ignore line: [Linking CXX executable cmTC_6445a]
  ignore line: [/usr/bin/cmake -E cmake_link_script CMakeFiles/cmTC_6445a.dir/link.txt --verbose=1]
  ignore line: [/usr/bin/c++       -v CMakeFiles/cmTC_6445a.dir/CMakeCXXCompilerABI.cpp.o  -o cmTC_6445a -rdynamic  ]
  ignore line: [Using built-in specs.]
  ignore line: [COLLECT_GCC=/usr/bin/c++]
  ignore line: [COLLECT_LTO_WRAPPER=/usr/lib/gcc/x86_64-linux-gnu/5/lto-wrapper]
  ignore line: [Target: x86_64-linux-gnu]
  ignore line: [Configured with: ../src/configure -v --with-pkgversion='Ubuntu 5.4.0-6ubuntu1~16.04.4' --with-bugurl=file:///usr/share/doc/gcc-5/README.Bugs --enable-languages=c,ada,c++,java,go,d,fortran,objc,obj-c++ --prefix=/usr --program-suffix=-5 --enable-shared --enable-linker-build-id --libexecdir=/usr/lib --without-included-gettext --enable-threads=posix --libdir=/usr/lib --enable-nls --with-sysroot=/ --enable-clocale=gnu --enable-libstdcxx-debug --enable-libstdcxx-time=yes --with-default-libstdcxx-abi=new --enable-gnu-unique-object --disable-vtable-verify --enable-libmpx --enable-plugin --with-system-zlib --disable-browser-plugin --enable-java-awt=gtk --enable-gtk-cairo --with-java-home=/usr/lib/jvm/java-1.5.0-gcj-5-amd64/jre --enable-java-home --with-jvm-root-dir=/usr/lib/jvm/java-1.5.0-gcj-5-amd64 --with-jvm-jar-dir=/usr/lib/jvm-exports/java-1.5.0-gcj-5-amd64 --with-arch-directory=amd64 --with-ecj-jar=/usr/share/java/eclipse-ecj.jar --enable-objc-gc --enable-multiarch --disable-werror --with-arch-32=i686 --with-abi=m64 --with-multilib-list=m32,m64,mx32 --enable-multilib --with-tune=generic --enable-checking=release --build=x86_64-linux-gnu --host=x86_64-linux-gnu --target=x86_64-linux-gnu]
  ignore line: [Thread model: posix]
  ignore line: [gcc version 5.4.0 20160609 (Ubuntu 5.4.0-6ubuntu1~16.04.4) ]
  ignore line: [COMPILER_PATH=/usr/lib/gcc/x86_64-linux-gnu/5/:/usr/lib/gcc/x86_64-linux-gnu/5/:/usr/lib/gcc/x86_64-linux-gnu/:/usr/lib/gcc/x86_64-linux-gnu/5/:/usr/lib/gcc/x86_64-linux-gnu/]
  ignore line: [LIBRARY_PATH=/usr/lib/gcc/x86_64-linux-gnu/5/:/usr/lib/gcc/x86_64-linux-gnu/5/../../../x86_64-linux-gnu/:/usr/lib/gcc/x86_64-linux-gnu/5/../../../../lib/:/lib/x86_64-linux-gnu/:/lib/../lib/:/usr/lib/x86_64-linux-gnu/:/usr/lib/../lib/:/usr/lib/gcc/x86_64-linux-gnu/5/../../../:/lib/:/usr/lib/]
  ignore line: [COLLECT_GCC_OPTIONS='-v' '-o' 'cmTC_6445a' '-rdynamic' '-shared-libgcc' '-mtune=generic' '-march=x86-64']
  link line: [ /usr/lib/gcc/x86_64-linux-gnu/5/collect2 -plugin /usr/lib/gcc/x86_64-linux-gnu/5/liblto_plugin.so -plugin-opt=/usr/lib/gcc/x86_64-linux-gnu/5/lto-wrapper -plugin-opt=-fresolution=/tmp/cciGl2sd.res -plugin-opt=-pass-through=-lgcc_s -plugin-opt=-pass-through=-lgcc -plugin-opt=-pass-through=-lc -plugin-opt=-pass-through=-lgcc_s -plugin-opt=-pass-through=-lgcc --sysroot=/ --build-id --eh-frame-hdr -m elf_x86_64 --hash-style=gnu --as-needed -export-dynamic -dynamic-linker /lib64/ld-linux-x86-64.so.2 -z relro -o cmTC_6445a /usr/lib/gcc/x86_64-linux-gnu/5/../../../x86_64-linux-gnu/crt1.o /usr/lib/gcc/x86_64-linux-gnu/5/../../../x86_64-linux-gnu/crti.o /usr/lib/gcc/x86_64-linux-gnu/5/crtbegin.o -L/usr/lib/gcc/x86_64-linux-gnu/5 -L/usr/lib/gcc/x86_64-linux-gnu/5/../../../x86_64-linux-gnu -L/usr/lib/gcc/x86_64-linux-gnu/5/../../../../lib -L/lib/x86_64-linux-gnu -L/lib/../lib -L/usr/lib/x86_64-linux-gnu -L/usr/lib/../lib -L/usr/lib/gcc/x86_64-linux-gnu/5/../../.. CMakeFiles/cmTC_6445a.dir/CMakeCXXCompilerABI.cpp.o -lstdc++ -lm -lgcc_s -lgcc -lc -lgcc_s -lgcc /usr/lib/gcc/x86_64-linux-gnu/5/crtend.o /usr/lib/gcc/x86_64-linux-gnu/5/../../../x86_64-linux-gnu/crtn.o]
    arg [/usr/lib/gcc/x86_64-linux-gnu/5/collect2] ==> ignore
    arg [-plugin] ==> ignore
    arg [/usr/lib/gcc/x86_64-linux-gnu/5/liblto_plugin.so] ==> ignore
    arg [-plugin-opt=/usr/lib/gcc/x86_64-linux-gnu/5/lto-wrapper] ==> ignore
    arg [-plugin-opt=-fresolution=/tmp/cciGl2sd.res] ==> ignore
    arg [-plugin-opt=-pass-through=-lgcc_s] ==> ignore
    arg [-plugin-opt=-pass-through=-lgcc] ==> ignore
    arg [-plugin-opt=-pass-through=-lc] ==> ignore
    arg [-plugin-opt=-pass-through=-lgcc_s] ==> ignore
    arg [-plugin-opt=-pass-through=-lgcc] ==> ignore
    arg [--sysroot=/] ==> ignore
    arg [--build-id] ==> ignore
    arg [--eh-frame-hdr] ==> ignore
    arg [-m] ==> ignore
    arg [elf_x86_64] ==> ignore
    arg [--hash-style=gnu] ==> ignore
    arg [--as-needed] ==> ignore
    arg [-export-dynamic] ==> ignore
    arg [-dynamic-linker] ==> ignore
    arg [/lib64/ld-linux-x86-64.so.2] ==> ignore
    arg [-zrelro] ==> ignore
    arg [-o] ==> ignore
    arg [cmTC_6445a] ==> ignore
    arg [/usr/lib/gcc/x86_64-linux-gnu/5/../../../x86_64-linux-gnu/crt1.o] ==> ignore
    arg [/usr/lib/gcc/x86_64-linux-gnu/5/../../../x86_64-linux-gnu/crti.o] ==> ignore
    arg [/usr/lib/gcc/x86_64-linux-gnu/5/crtbegin.o] ==> ignore
    arg [-L/usr/lib/gcc/x86_64-linux-gnu/5] ==> dir [/usr/lib/gcc/x86_64-linux-gnu/5]
    arg [-L/usr/lib/gcc/x86_64-linux-gnu/5/../../../x86_64-linux-gnu] ==> dir [/usr/lib/gcc/x86_64-linux-gnu/5/../../../x86_64-linux-gnu]
    arg [-L/usr/lib/gcc/x86_64-linux-gnu/5/../../../../lib] ==> dir [/usr/lib/gcc/x86_64-linux-gnu/5/../../../../lib]
    arg [-L/lib/x86_64-linux-gnu] ==> dir [/lib/x86_64-linux-gnu]
    arg [-L/lib/../lib] ==> dir [/lib/../lib]
    arg [-L/usr/lib/x86_64-linux-gnu] ==> dir [/usr/lib/x86_64-linux-gnu]
    arg [-L/usr/lib/../lib] ==> dir [/usr/lib/../lib]
    arg [-L/usr/lib/gcc/x86_64-linux-gnu/5/../../..] ==> dir [/usr/lib/gcc/x86_64-linux-gnu/5/../../..]
    arg [CMakeFiles/cmTC_6445a.dir/CMakeCXXCompilerABI.cpp.o] ==> ignore
    arg [-lstdc++] ==> lib [stdc++]
    arg [-lm] ==> lib [m]
    arg [-lgcc_s] ==> lib [gcc_s]
    arg [-lgcc] ==> lib [gcc]
    arg [-lc] ==> lib [c]
    arg [-lgcc_s] ==> lib [gcc_s]
    arg [-lgcc] ==> lib [gcc]
    arg [/usr/lib/gcc/x86_64-linux-gnu/5/crtend.o] ==> ignore
    arg [/usr/lib/gcc/x86_64-linux-gnu/5/../../../x86_64-linux-gnu/crtn.o] ==> ignore
  remove lib [gcc_s]
  remove lib [gcc]
  remove lib [gcc_s]
  remove lib [gcc]
  collapse library dir [/usr/lib/gcc/x86_64-linux-gnu/5] ==> [/usr/lib/gcc/x86_64-linux-gnu/5]
  collapse library dir [/usr/lib/gcc/x86_64-linux-gnu/5/../../../x86_64-linux-gnu] ==> [/usr/lib/x86_64-linux-gnu]
  collapse library dir [/usr/lib/gcc/x86_64-linux-gnu/5/../../../../lib] ==> [/usr/lib]
  collapse library dir [/lib/x86_64-linux-gnu] ==> [/lib/x86_64-linux-gnu]
  collapse library dir [/lib/../lib] ==> [/lib]
  collapse library dir [/usr/lib/x86_64-linux-gnu] ==> [/usr/lib/x86_64-linux-gnu]
  collapse library dir [/usr/lib/../lib] ==> [/usr/lib]
  collapse library dir [/usr/lib/gcc/x86_64-linux-gnu/5/../../..] ==> [/usr/lib]
  implicit libs: [stdc++;m;c]
  implicit dirs: [/usr/lib/gcc/x86_64-linux-gnu/5;/usr/lib/x86_64-linux-gnu;/usr/lib;/lib/x86_64-linux-gnu;/lib]
  implicit fwks: []




Detecting CXX [-std=c++14] compiler features compiled with the following output:
Change Dir: /home/vigneshnuc/catkin_ws/build/Extra Packages/cob_extern/opengm/EP_opengm-prefix/src/EP_opengm-build/CMakeFiles/CMakeTmp

Run Build Command:"/usr/bin/make" "cmTC_da4b6/fast"
make[3]: Entering directory '/home/vigneshnuc/catkin_ws/build/Extra Packages/cob_extern/opengm/EP_opengm-prefix/src/EP_opengm-build/CMakeFiles/CMakeTmp'
/usr/bin/make -f CMakeFiles/cmTC_da4b6.dir/build.make CMakeFiles/cmTC_da4b6.dir/build
make[4]: Entering directory '/home/vigneshnuc/catkin_ws/build/Extra Packages/cob_extern/opengm/EP_opengm-prefix/src/EP_opengm-build/CMakeFiles/CMakeTmp'
Building CXX object CMakeFiles/cmTC_da4b6.dir/feature_tests.cxx.o
/usr/bin/c++     -std=c++14 -o CMakeFiles/cmTC_da4b6.dir/feature_tests.cxx.o -c "/home/vigneshnuc/catkin_ws/build/Extra Packages/cob_extern/opengm/EP_opengm-prefix/src/EP_opengm-build/CMakeFiles/feature_tests.cxx"
Linking CXX executable cmTC_da4b6
/usr/bin/cmake -E cmake_link_script CMakeFiles/cmTC_da4b6.dir/link.txt --verbose=1
/usr/bin/c++        CMakeFiles/cmTC_da4b6.dir/feature_tests.cxx.o  -o cmTC_da4b6 -rdynamic 
make[4]: Leaving directory '/home/vigneshnuc/catkin_ws/build/Extra Packages/cob_extern/opengm/EP_opengm-prefix/src/EP_opengm-build/CMakeFiles/CMakeTmp'
make[3]: Leaving directory '/home/vigneshnuc/catkin_ws/build/Extra Packages/cob_extern/opengm/EP_opengm-prefix/src/EP_opengm-build/CMakeFiles/CMakeTmp'


    Feature record: CXX_FEATURE:1cxx_aggregate_default_initializers
    Feature record: CXX_FEATURE:1cxx_alias_templates
    Feature record: CXX_FEATURE:1cxx_alignas
    Feature record: CXX_FEATURE:1cxx_alignof
    Feature record: CXX_FEATURE:1cxx_attributes
    Feature record: CXX_FEATURE:1cxx_attribute_deprecated
    Feature record: CXX_FEATURE:1cxx_auto_type
    Feature record: CXX_FEATURE:1cxx_binary_literals
    Feature record: CXX_FEATURE:1cxx_constexpr
    Feature record: CXX_FEATURE:1cxx_contextual_conversions
    Feature record: CXX_FEATURE:1cxx_decltype
    Feature record: CXX_FEATURE:1cxx_decltype_auto
    Feature record: CXX_FEATURE:1cxx_decltype_incomplete_return_types
    Feature record: CXX_FEATURE:1cxx_default_function_template_args
    Feature record: CXX_FEATURE:1cxx_defaulted_functions
    Feature record: CXX_FEATURE:1cxx_defaulted_move_initializers
    Feature record: CXX_FEATURE:1cxx_delegating_constructors
    Feature record: CXX_FEATURE:1cxx_deleted_functions
    Feature record: CXX_FEATURE:1cxx_digit_separators
    Feature record: CXX_FEATURE:1cxx_enum_forward_declarations
    Feature record: CXX_FEATURE:1cxx_explicit_conversions
    Feature record: CXX_FEATURE:1cxx_extended_friend_declarations
    Feature record: CXX_FEATURE:1cxx_extern_templates
    Feature record: CXX_FEATURE:1cxx_final
    Feature record: CXX_FEATURE:1cxx_func_identifier
    Feature record: CXX_FEATURE:1cxx_generalized_initializers
    Feature record: CXX_FEATURE:1cxx_generic_lambdas
    Feature record: CXX_FEATURE:1cxx_inheriting_constructors
    Feature record: CXX_FEATURE:1cxx_inline_namespaces
    Feature record: CXX_FEATURE:1cxx_lambdas
    Feature record: CXX_FEATURE:1cxx_lambda_init_captures
    Feature record: CXX_FEATURE:1cxx_local_type_template_args
    Feature record: CXX_FEATURE:1cxx_long_long_type
    Feature record: CXX_FEATURE:1cxx_noexcept
    Feature record: CXX_FEATURE:1cxx_nonstatic_member_init
    Feature record: CXX_FEATURE:1cxx_nullptr
    Feature record: CXX_FEATURE:1cxx_override
    Feature record: CXX_FEATURE:1cxx_range_for
    Feature record: CXX_FEATURE:1cxx_raw_string_literals
    Feature record: CXX_FEATURE:1cxx_reference_qualified_functions
    Feature record: CXX_FEATURE:1cxx_relaxed_constexpr
    Feature record: CXX_FEATURE:1cxx_return_type_deduction
    Feature record: CXX_FEATURE:1cxx_right_angle_brackets
    Feature record: CXX_FEATURE:1cxx_rvalue_references
    Feature record: CXX_FEATURE:1cxx_sizeof_member
    Feature record: CXX_FEATURE:1cxx_static_assert
    Feature record: CXX_FEATURE:1cxx_strong_enums
    Feature record: CXX_FEATURE:1cxx_template_template_parameters
    Feature record: CXX_FEATURE:1cxx_thread_local
    Feature record: CXX_FEATURE:1cxx_trailing_return_types
    Feature record: CXX_FEATURE:1cxx_unicode_literals
    Feature record: CXX_FEATURE:1cxx_uniform_initialization
    Feature record: CXX_FEATURE:1cxx_unrestricted_unions
    Feature record: CXX_FEATURE:1cxx_user_literals
    Feature record: CXX_FEATURE:1cxx_variable_templates
    Feature record: CXX_FEATURE:1cxx_variadic_macros
    Feature record: CXX_FEATURE:1cxx_variadic_templates


Detecting CXX [-std=c++11] compiler features compiled with the following output:
Change Dir: /home/vigneshnuc/catkin_ws/build/Extra Packages/cob_extern/opengm/EP_opengm-prefix/src/EP_opengm-build/CMakeFiles/CMakeTmp

Run Build Command:"/usr/bin/make" "cmTC_a6821/fast"
make[3]: Entering directory '/home/vigneshnuc/catkin_ws/build/Extra Packages/cob_extern/opengm/EP_opengm-prefix/src/EP_opengm-build/CMakeFiles/CMakeTmp'
/usr/bin/make -f CMakeFiles/cmTC_a6821.dir/build.make CMakeFiles/cmTC_a6821.dir/build
make[4]: Entering directory '/home/vigneshnuc/catkin_ws/build/Extra Packages/cob_extern/opengm/EP_opengm-prefix/src/EP_opengm-build/CMakeFiles/CMakeTmp'
Building CXX object CMakeFiles/cmTC_a6821.dir/feature_tests.cxx.o
/usr/bin/c++     -std=c++11 -o CMakeFiles/cmTC_a6821.dir/feature_tests.cxx.o -c "/home/vigneshnuc/catkin_ws/build/Extra Packages/cob_extern/opengm/EP_opengm-prefix/src/EP_opengm-build/CMakeFiles/feature_tests.cxx"
Linking CXX executable cmTC_a6821
/usr/bin/cmake -E cmake_link_script CMakeFiles/cmTC_a6821.dir/link.txt --verbose=1
/usr/bin/c++        CMakeFiles/cmTC_a6821.dir/feature_tests.cxx.o  -o cmTC_a6821 -rdynamic 
make[4]: Leaving directory '/home/vigneshnuc/catkin_ws/build/Extra Packages/cob_extern/opengm/EP_opengm-prefix/src/EP_opengm-build/CMakeFiles/CMakeTmp'
make[3]: Leaving directory '/home/vigneshnuc/catkin_ws/build/Extra Packages/cob_extern/opengm/EP_opengm-prefix/src/EP_opengm-build/CMakeFiles/CMakeTmp'


    Feature record: CXX_FEATURE:0cxx_aggregate_default_initializers
    Feature record: CXX_FEATURE:1cxx_alias_templates
    Feature record: CXX_FEATURE:1cxx_alignas
    Feature record: CXX_FEATURE:1cxx_alignof
    Feature record: CXX_FEATURE:1cxx_attributes
    Feature record: CXX_FEATURE:0cxx_attribute_deprecated
    Feature record: CXX_FEATURE:1cxx_auto_type
    Feature record: CXX_FEATURE:0cxx_binary_literals
    Feature record: CXX_FEATURE:1cxx_constexpr
    Feature record: CXX_FEATURE:0cxx_contextual_conversions
    Feature record: CXX_FEATURE:1cxx_decltype
    Feature record: CXX_FEATURE:0cxx_decltype_auto
    Feature record: CXX_FEATURE:1cxx_decltype_incomplete_return_types
    Feature record: CXX_FEATURE:1cxx_default_function_template_args
    Feature record: CXX_FEATURE:1cxx_defaulted_functions
    Feature record: CXX_FEATURE:1cxx_defaulted_move_initializers
    Feature record: CXX_FEATURE:1cxx_delegating_constructors
    Feature record: CXX_FEATURE:1cxx_deleted_functions
    Feature record: CXX_FEATURE:0cxx_digit_separators
    Feature record: CXX_FEATURE:1cxx_enum_forward_declarations
    Feature record: CXX_FEATURE:1cxx_explicit_conversions
    Feature record: CXX_FEATURE:1cxx_extended_friend_declarations
    Feature record: CXX_FEATURE:1cxx_extern_templates
    Feature record: CXX_FEATURE:1cxx_final
    Feature record: CXX_FEATURE:1cxx_func_identifier
    Feature record: CXX_FEATURE:1cxx_generalized_initializers
    Feature record: CXX_FEATURE:0cxx_generic_lambdas
    Feature record: CXX_FEATURE:1cxx_inheriting_constructors
    Feature record: CXX_FEATURE:1cxx_inline_namespaces
    Feature record: CXX_FEATURE:1cxx_lambdas
    Feature record: CXX_FEATURE:0cxx_lambda_init_captures
    Feature record: CXX_FEATURE:1cxx_local_type_template_args
    Feature record: CXX_FEATURE:1cxx_long_long_type
    Feature record: CXX_FEATURE:1cxx_noexcept
    Feature record: CXX_FEATURE:1cxx_nonstatic_member_init
    Feature record: CXX_FEATURE:1cxx_nullptr
    Feature record: CXX_FEATURE:1cxx_override
    Feature record: CXX_FEATURE:1cxx_range_for
    Feature record: CXX_FEATURE:1cxx_raw_string_literals
    Feature record: CXX_FEATURE:1cxx_reference_qualified_functions
    Feature record: CXX_FEATURE:0cxx_relaxed_constexpr
    Feature record: CXX_FEATURE:0cxx_return_type_deduction
    Feature record: CXX_FEATURE:1cxx_right_angle_brackets
    Feature record: CXX_FEATURE:1cxx_rvalue_references
    Feature record: CXX_FEATURE:1cxx_sizeof_member
    Feature record: CXX_FEATURE:1cxx_static_assert
    Feature record: CXX_FEATURE:1cxx_strong_enums
    Feature record: CXX_FEATURE:1cxx_template_template_parameters
    Feature record: CXX_FEATURE:1cxx_thread_local
    Feature record: CXX_FEATURE:1cxx_trailing_return_types
    Feature record: CXX_FEATURE:1cxx_unicode_literals
    Feature record: CXX_FEATURE:1cxx_uniform_initialization
    Feature record: CXX_FEATURE:1cxx_unrestricted_unions
    Feature record: CXX_FEATURE:1cxx_user_literals
    Feature record: CXX_FEATURE:0cxx_variable_templates
    Feature record: CXX_FEATURE:1cxx_variadic_macros
    Feature record: CXX_FEATURE:1cxx_variadic_templates


Detecting CXX [-std=c++98] compiler features compiled with the following output:
Change Dir: /home/vigneshnuc/catkin_ws/build/Extra Packages/cob_extern/opengm/EP_opengm-prefix/src/EP_opengm-build/CMakeFiles/CMakeTmp

Run Build Command:"/usr/bin/make" "cmTC_a50aa/fast"
make[3]: Entering directory '/home/vigneshnuc/catkin_ws/build/Extra Packages/cob_extern/opengm/EP_opengm-prefix/src/EP_opengm-build/CMakeFiles/CMakeTmp'
/usr/bin/make -f CMakeFiles/cmTC_a50aa.dir/build.make CMakeFiles/cmTC_a50aa.dir/build
make[4]: Entering directory '/home/vigneshnuc/catkin_ws/build/Extra Packages/cob_extern/opengm/EP_opengm-prefix/src/EP_opengm-build/CMakeFiles/CMakeTmp'
Building CXX object CMakeFiles/cmTC_a50aa.dir/feature_tests.cxx.o
/usr/bin/c++     -std=c++98 -o CMakeFiles/cmTC_a50aa.dir/feature_tests.cxx.o -c "/home/vigneshnuc/catkin_ws/build/Extra Packages/cob_extern/opengm/EP_opengm-prefix/src/EP_opengm-build/CMakeFiles/feature_tests.cxx"
Linking CXX executable cmTC_a50aa
/usr/bin/cmake -E cmake_link_script CMakeFiles/cmTC_a50aa.dir/link.txt --verbose=1
/usr/bin/c++        CMakeFiles/cmTC_a50aa.dir/feature_tests.cxx.o  -o cmTC_a50aa -rdynamic 
make[4]: Leaving directory '/home/vigneshnuc/catkin_ws/build/Extra Packages/cob_extern/opengm/EP_opengm-prefix/src/EP_opengm-build/CMakeFiles/CMakeTmp'
make[3]: Leaving directory '/home/vigneshnuc/catkin_ws/build/Extra Packages/cob_extern/opengm/EP_opengm-prefix/src/EP_opengm-build/CMakeFiles/CMakeTmp'


    Feature record: CXX_FEATURE:0cxx_aggregate_default_initializers
    Feature record: CXX_FEATURE:0cxx_alias_templates
    Feature record: CXX_FEATURE:0cxx_alignas
    Feature record: CXX_FEATURE:0cxx_alignof
    Feature record: CXX_FEATURE:0cxx_attributes
    Feature record: CXX_FEATURE:0cxx_attribute_deprecated
    Feature record: CXX_FEATURE:0cxx_auto_type
    Feature record: CXX_FEATURE:0cxx_binary_literals
    Feature record: CXX_FEATURE:0cxx_constexpr
    Feature record: CXX_FEATURE:0cxx_contextual_conversions
    Feature record: CXX_FEATURE:0cxx_decltype
    Feature record: CXX_FEATURE:0cxx_decltype_auto
    Feature record: CXX_FEATURE:0cxx_decltype_incomplete_return_types
    Feature record: CXX_FEATURE:0cxx_default_function_template_args
    Feature record: CXX_FEATURE:0cxx_defaulted_functions
    Feature record: CXX_FEATURE:0cxx_defaulted_move_initializers
    Feature record: CXX_FEATURE:0cxx_delegating_constructors
    Feature record: CXX_FEATURE:0cxx_deleted_functions
    Feature record: CXX_FEATURE:0cxx_digit_separators
    Feature record: CXX_FEATURE:0cxx_enum_forward_declarations
    Feature record: CXX_FEATURE:0cxx_explicit_conversions
    Feature record: CXX_FEATURE:0cxx_extended_friend_declarations
    Feature record: CXX_FEATURE:0cxx_extern_templates
    Feature record: CXX_FEATURE:0cxx_final
    Feature record: CXX_FEATURE:0cxx_func_identifier
    Feature record: CXX_FEATURE:0cxx_generalized_initializers
    Feature record: CXX_FEATURE:0cxx_generic_lambdas
    Feature record: CXX_FEATURE:0cxx_inheriting_constructors
    Feature record: CXX_FEATURE:0cxx_inline_namespaces
    Feature record: CXX_FEATURE:0cxx_lambdas
    Feature record: CXX_FEATURE:0cxx_lambda_init_captures
    Feature record: CXX_FEATURE:0cxx_local_type_template_args
    Feature record: CXX_FEATURE:0cxx_long_long_type
    Feature record: CXX_FEATURE:0cxx_noexcept
    Feature record: CXX_FEATURE:0cxx_nonstatic_member_init
    Feature record: CXX_FEATURE:0cxx_nullptr
    Feature record: CXX_FEATURE:0cxx_override
    Feature record: CXX_FEATURE:0cxx_range_for
    Feature record: CXX_FEATURE:0cxx_raw_string_literals
    Feature record: CXX_FEATURE:0cxx_reference_qualified_functions
    Feature record: CXX_FEATURE:0cxx_relaxed_constexpr
    Feature record: CXX_FEATURE:0cxx_return_type_deduction
    Feature record: CXX_FEATURE:0cxx_right_angle_brackets
    Feature record: CXX_FEATURE:0cxx_rvalue_references
    Feature record: CXX_FEATURE:0cxx_sizeof_member
    Feature record: CXX_FEATURE:0cxx_static_assert
    Feature record: CXX_FEATURE:0cxx_strong_enums
    Feature record: CXX_FEATURE:1cxx_template_template_parameters
    Feature record: CXX_FEATURE:0cxx_thread_local
    Feature record: CXX_FEATURE:0cxx_trailing_return_types
    Feature record: CXX_FEATURE:0cxx_unicode_literals
    Feature record: CXX_FEATURE:0cxx_uniform_initialization
    Feature record: CXX_FEATURE:0cxx_unrestricted_unions
    Feature record: CXX_FEATURE:0cxx_user_literals
    Feature record: CXX_FEATURE:0cxx_variable_templates
    Feature record: CXX_FEATURE:0cxx_variadic_macros
    Feature record: CXX_FEATURE:0cxx_variadic_templates
Determining if the include file pthread.h exists passed with the following output:
Change Dir: /home/vigneshnuc/catkin_ws/build/Extra Packages/cob_extern/opengm/EP_opengm-prefix/src/EP_opengm-build/CMakeFiles/CMakeTmp

Run Build Command:"/usr/bin/make" "cmTC_28393/fast"
make[3]: Entering directory '/home/vigneshnuc/catkin_ws/build/Extra Packages/cob_extern/opengm/EP_opengm-prefix/src/EP_opengm-build/CMakeFiles/CMakeTmp'
/usr/bin/make -f CMakeFiles/cmTC_28393.dir/build.make CMakeFiles/cmTC_28393.dir/build
make[4]: Entering directory '/home/vigneshnuc/catkin_ws/build/Extra Packages/cob_extern/opengm/EP_opengm-prefix/src/EP_opengm-build/CMakeFiles/CMakeTmp'
Building C object CMakeFiles/cmTC_28393.dir/CheckIncludeFile.c.o
/usr/bin/cc     -o CMakeFiles/cmTC_28393.dir/CheckIncludeFile.c.o   -c "/home/vigneshnuc/catkin_ws/build/Extra Packages/cob_extern/opengm/EP_opengm-prefix/src/EP_opengm-build/CMakeFiles/CMakeTmp/CheckIncludeFile.c"
Linking C executable cmTC_28393
/usr/bin/cmake -E cmake_link_script CMakeFiles/cmTC_28393.dir/link.txt --verbose=1
/usr/bin/cc       CMakeFiles/cmTC_28393.dir/CheckIncludeFile.c.o  -o cmTC_28393 -rdynamic 
make[4]: Leaving directory '/home/vigneshnuc/catkin_ws/build/Extra Packages/cob_extern/opengm/EP_opengm-prefix/src/EP_opengm-build/CMakeFiles/CMakeTmp'
make[3]: Leaving directory '/home/vigneshnuc/catkin_ws/build/Extra Packages/cob_extern/opengm/EP_opengm-prefix/src/EP_opengm-build/CMakeFiles/CMakeTmp'


Determining if the function pthread_create exists in the pthread passed with the following output:
Change Dir: /home/vigneshnuc/catkin_ws/build/Extra Packages/cob_extern/opengm/EP_opengm-prefix/src/EP_opengm-build/CMakeFiles/CMakeTmp

Run Build Command:"/usr/bin/make" "cmTC_85859/fast"
make[3]: Entering directory '/home/vigneshnuc/catkin_ws/build/Extra Packages/cob_extern/opengm/EP_opengm-prefix/src/EP_opengm-build/CMakeFiles/CMakeTmp'
/usr/bin/make -f CMakeFiles/cmTC_85859.dir/build.make CMakeFiles/cmTC_85859.dir/build
make[4]: Entering directory '/home/vigneshnuc/catkin_ws/build/Extra Packages/cob_extern/opengm/EP_opengm-prefix/src/EP_opengm-build/CMakeFiles/CMakeTmp'
Building C object CMakeFiles/cmTC_85859.dir/CheckFunctionExists.c.o
/usr/bin/cc    -DCHECK_FUNCTION_EXISTS=pthread_create   -o CMakeFiles/cmTC_85859.dir/CheckFunctionExists.c.o   -c /usr/share/cmake-3.5/Modules/CheckFunctionExists.c
Linking C executable cmTC_85859
/usr/bin/cmake -E cmake_link_script CMakeFiles/cmTC_85859.dir/link.txt --verbose=1
/usr/bin/cc   -DCHECK_FUNCTION_EXISTS=pthread_create    CMakeFiles/cmTC_85859.dir/CheckFunctionExists.c.o  -o cmTC_85859 -rdynamic -lpthread 
make[4]: Leaving directory '/home/vigneshnuc/catkin_ws/build/Extra Packages/cob_extern/opengm/EP_opengm-prefix/src/EP_opengm-build/CMakeFiles/CMakeTmp'
make[3]: Leaving directory '/home/vigneshnuc/catkin_ws/build/Extra Packages/cob_extern/opengm/EP_opengm-prefix/src/EP_opengm-build/CMakeFiles/CMakeTmp'


Determining if the include file sys/types.h exists passed with the following output:
Change Dir: /home/vigneshnuc/catkin_ws/build/Extra Packages/cob_extern/opengm/EP_opengm-prefix/src/EP_opengm-build/CMakeFiles/CMakeTmp

Run Build Command:"/usr/bin/make" "cmTC_a4cf3/fast"
make[3]: Entering directory '/home/vigneshnuc/catkin_ws/build/Extra Packages/cob_extern/opengm/EP_opengm-prefix/src/EP_opengm-build/CMakeFiles/CMakeTmp'
/usr/bin/make -f CMakeFiles/cmTC_a4cf3.dir/build.make CMakeFiles/cmTC_a4cf3.dir/build
make[4]: Entering directory '/home/vigneshnuc/catkin_ws/build/Extra Packages/cob_extern/opengm/EP_opengm-prefix/src/EP_opengm-build/CMakeFiles/CMakeTmp'
Building C object CMakeFiles/cmTC_a4cf3.dir/CheckIncludeFile.c.o
/usr/bin/cc     -o CMakeFiles/cmTC_a4cf3.dir/CheckIncludeFile.c.o   -c "/home/vigneshnuc/catkin_ws/build/Extra Packages/cob_extern/opengm/EP_opengm-prefix/src/EP_opengm-build/CMakeFiles/CMakeTmp/CheckIncludeFile.c"
Linking C executable cmTC_a4cf3
/usr/bin/cmake -E cmake_link_script CMakeFiles/cmTC_a4cf3.dir/link.txt --verbose=1
/usr/bin/cc       CMakeFiles/cmTC_a4cf3.dir/CheckIncludeFile.c.o  -o cmTC_a4cf3 -rdynamic 
make[4]: Leaving directory '/home/vigneshnuc/catkin_ws/build/Extra Packages/cob_extern/opengm/EP_opengm-prefix/src/EP_opengm-build/CMakeFiles/CMakeTmp'
make[3]: Leaving directory '/home/vigneshnuc/catkin_ws/build/Extra Packages/cob_extern/opengm/EP_opengm-prefix/src/EP_opengm-build/CMakeFiles/CMakeTmp'


Determining if the include file stdint.h exists passed with the following output:
Change Dir: /home/vigneshnuc/catkin_ws/build/Extra Packages/cob_extern/opengm/EP_opengm-prefix/src/EP_opengm-build/CMakeFiles/CMakeTmp

Run Build Command:"/usr/bin/make" "cmTC_848db/fast"
make[3]: Entering directory '/home/vigneshnuc/catkin_ws/build/Extra Packages/cob_extern/opengm/EP_opengm-prefix/src/EP_opengm-build/CMakeFiles/CMakeTmp'
/usr/bin/make -f CMakeFiles/cmTC_848db.dir/build.make CMakeFiles/cmTC_848db.dir/build
make[4]: Entering directory '/home/vigneshnuc/catkin_ws/build/Extra Packages/cob_extern/opengm/EP_opengm-prefix/src/EP_opengm-build/CMakeFiles/CMakeTmp'
Building C object CMakeFiles/cmTC_848db.dir/CheckIncludeFile.c.o
/usr/bin/cc     -o CMakeFiles/cmTC_848db.dir/CheckIncludeFile.c.o   -c "/home/vigneshnuc/catkin_ws/build/Extra Packages/cob_extern/opengm/EP_opengm-prefix/src/EP_opengm-build/CMakeFiles/CMakeTmp/CheckIncludeFile.c"
Linking C executable cmTC_848db
/usr/bin/cmake -E cmake_link_script CMakeFiles/cmTC_848db.dir/link.txt --verbose=1
/usr/bin/cc       CMakeFiles/cmTC_848db.dir/CheckIncludeFile.c.o  -o cmTC_848db -rdynamic 
make[4]: Leaving directory '/home/vigneshnuc/catkin_ws/build/Extra Packages/cob_extern/opengm/EP_opengm-prefix/src/EP_opengm-build/CMakeFiles/CMakeTmp'
make[3]: Leaving directory '/home/vigneshnuc/catkin_ws/build/Extra Packages/cob_extern/opengm/EP_opengm-prefix/src/EP_opengm-build/CMakeFiles/CMakeTmp'


Determining if the include file stddef.h exists passed with the following output:
Change Dir: /home/vigneshnuc/catkin_ws/build/Extra Packages/cob_extern/opengm/EP_opengm-prefix/src/EP_opengm-build/CMakeFiles/CMakeTmp

Run Build Command:"/usr/bin/make" "cmTC_d6987/fast"
make[3]: Entering directory '/home/vigneshnuc/catkin_ws/build/Extra Packages/cob_extern/opengm/EP_opengm-prefix/src/EP_opengm-build/CMakeFiles/CMakeTmp'
/usr/bin/make -f CMakeFiles/cmTC_d6987.dir/build.make CMakeFiles/cmTC_d6987.dir/build
make[4]: Entering directory '/home/vigneshnuc/catkin_ws/build/Extra Packages/cob_extern/opengm/EP_opengm-prefix/src/EP_opengm-build/CMakeFiles/CMakeTmp'
Building C object CMakeFiles/cmTC_d6987.dir/CheckIncludeFile.c.o
/usr/bin/cc     -o CMakeFiles/cmTC_d6987.dir/CheckIncludeFile.c.o   -c "/home/vigneshnuc/catkin_ws/build/Extra Packages/cob_extern/opengm/EP_opengm-prefix/src/EP_opengm-build/CMakeFiles/CMakeTmp/CheckIncludeFile.c"
Linking C executable cmTC_d6987
/usr/bin/cmake -E cmake_link_script CMakeFiles/cmTC_d6987.dir/link.txt --verbose=1
/usr/bin/cc       CMakeFiles/cmTC_d6987.dir/CheckIncludeFile.c.o  -o cmTC_d6987 -rdynamic 
make[4]: Leaving directory '/home/vigneshnuc/catkin_ws/build/Extra Packages/cob_extern/opengm/EP_opengm-prefix/src/EP_opengm-build/CMakeFiles/CMakeTmp'
make[3]: Leaving directory '/home/vigneshnuc/catkin_ws/build/Extra Packages/cob_extern/opengm/EP_opengm-prefix/src/EP_opengm-build/CMakeFiles/CMakeTmp'


Determining size of char passed with the following output:
Change Dir: /home/vigneshnuc/catkin_ws/build/Extra Packages/cob_extern/opengm/EP_opengm-prefix/src/EP_opengm-build/CMakeFiles/CMakeTmp

Run Build Command:"/usr/bin/make" "cmTC_c7faf/fast"
make[3]: Entering directory '/home/vigneshnuc/catkin_ws/build/Extra Packages/cob_extern/opengm/EP_opengm-prefix/src/EP_opengm-build/CMakeFiles/CMakeTmp'
/usr/bin/make -f CMakeFiles/cmTC_c7faf.dir/build.make CMakeFiles/cmTC_c7faf.dir/build
make[4]: Entering directory '/home/vigneshnuc/catkin_ws/build/Extra Packages/cob_extern/opengm/EP_opengm-prefix/src/EP_opengm-build/CMakeFiles/CMakeTmp'
Building C object CMakeFiles/cmTC_c7faf.dir/OPENGM_SIZE_OF_CHAR.c.o
/usr/bin/cc     -o CMakeFiles/cmTC_c7faf.dir/OPENGM_SIZE_OF_CHAR.c.o   -c "/home/vigneshnuc/catkin_ws/build/Extra Packages/cob_extern/opengm/EP_opengm-prefix/src/EP_opengm-build/CMakeFiles/CheckTypeSize/OPENGM_SIZE_OF_CHAR.c"
Linking C executable cmTC_c7faf
/usr/bin/cmake -E cmake_link_script CMakeFiles/cmTC_c7faf.dir/link.txt --verbose=1
/usr/bin/cc       CMakeFiles/cmTC_c7faf.dir/OPENGM_SIZE_OF_CHAR.c.o  -o cmTC_c7faf -rdynamic 
make[4]: Leaving directory '/home/vigneshnuc/catkin_ws/build/Extra Packages/cob_extern/opengm/EP_opengm-prefix/src/EP_opengm-build/CMakeFiles/CMakeTmp'
make[3]: Leaving directory '/home/vigneshnuc/catkin_ws/build/Extra Packages/cob_extern/opengm/EP_opengm-prefix/src/EP_opengm-build/CMakeFiles/CMakeTmp'


Determining size of signed char passed with the following output:
Change Dir: /home/vigneshnuc/catkin_ws/build/Extra Packages/cob_extern/opengm/EP_opengm-prefix/src/EP_opengm-build/CMakeFiles/CMakeTmp

Run Build Command:"/usr/bin/make" "cmTC_80f5f/fast"
make[3]: Entering directory '/home/vigneshnuc/catkin_ws/build/Extra Packages/cob_extern/opengm/EP_opengm-prefix/src/EP_opengm-build/CMakeFiles/CMakeTmp'
/usr/bin/make -f CMakeFiles/cmTC_80f5f.dir/build.make CMakeFiles/cmTC_80f5f.dir/build
make[4]: Entering directory '/home/vigneshnuc/catkin_ws/build/Extra Packages/cob_extern/opengm/EP_opengm-prefix/src/EP_opengm-build/CMakeFiles/CMakeTmp'
Building C object CMakeFiles/cmTC_80f5f.dir/OPENGM_SIZE_OF_SIGNED_CHAR.c.o
/usr/bin/cc     -o CMakeFiles/cmTC_80f5f.dir/OPENGM_SIZE_OF_SIGNED_CHAR.c.o   -c "/home/vigneshnuc/catkin_ws/build/Extra Packages/cob_extern/opengm/EP_opengm-prefix/src/EP_opengm-build/CMakeFiles/CheckTypeSize/OPENGM_SIZE_OF_SIGNED_CHAR.c"
Linking C executable cmTC_80f5f
/usr/bin/cmake -E cmake_link_script CMakeFiles/cmTC_80f5f.dir/link.txt --verbose=1
/usr/bin/cc       CMakeFiles/cmTC_80f5f.dir/OPENGM_SIZE_OF_SIGNED_CHAR.c.o  -o cmTC_80f5f -rdynamic 
make[4]: Leaving directory '/home/vigneshnuc/catkin_ws/build/Extra Packages/cob_extern/opengm/EP_opengm-prefix/src/EP_opengm-build/CMakeFiles/CMakeTmp'
make[3]: Leaving directory '/home/vigneshnuc/catkin_ws/build/Extra Packages/cob_extern/opengm/EP_opengm-prefix/src/EP_opengm-build/CMakeFiles/CMakeTmp'


Determining size of unsigned char passed with the following output:
Change Dir: /home/vigneshnuc/catkin_ws/build/Extra Packages/cob_extern/opengm/EP_opengm-prefix/src/EP_opengm-build/CMakeFiles/CMakeTmp

Run Build Command:"/usr/bin/make" "cmTC_eb61b/fast"
make[3]: Entering directory '/home/vigneshnuc/catkin_ws/build/Extra Packages/cob_extern/opengm/EP_opengm-prefix/src/EP_opengm-build/CMakeFiles/CMakeTmp'
/usr/bin/make -f CMakeFiles/cmTC_eb61b.dir/build.make CMakeFiles/cmTC_eb61b.dir/build
make[4]: Entering directory '/home/vigneshnuc/catkin_ws/build/Extra Packages/cob_extern/opengm/EP_opengm-prefix/src/EP_opengm-build/CMakeFiles/CMakeTmp'
Building C object CMakeFiles/cmTC_eb61b.dir/OPENGM_SIZE_OF_UNSIGNED_CHAR.c.o
/usr/bin/cc     -o CMakeFiles/cmTC_eb61b.dir/OPENGM_SIZE_OF_UNSIGNED_CHAR.c.o   -c "/home/vigneshnuc/catkin_ws/build/Extra Packages/cob_extern/opengm/EP_opengm-prefix/src/EP_opengm-build/CMakeFiles/CheckTypeSize/OPENGM_SIZE_OF_UNSIGNED_CHAR.c"
Linking C executable cmTC_eb61b
/usr/bin/cmake -E cmake_link_script CMakeFiles/cmTC_eb61b.dir/link.txt --verbose=1
/usr/bin/cc       CMakeFiles/cmTC_eb61b.dir/OPENGM_SIZE_OF_UNSIGNED_CHAR.c.o  -o cmTC_eb61b -rdynamic 
make[4]: Leaving directory '/home/vigneshnuc/catkin_ws/build/Extra Packages/cob_extern/opengm/EP_opengm-prefix/src/EP_opengm-build/CMakeFiles/CMakeTmp'
make[3]: Leaving directory '/home/vigneshnuc/catkin_ws/build/Extra Packages/cob_extern/opengm/EP_opengm-prefix/src/EP_opengm-build/CMakeFiles/CMakeTmp'


Determining size of wchar_t passed with the following output:
Change Dir: /home/vigneshnuc/catkin_ws/build/Extra Packages/cob_extern/opengm/EP_opengm-prefix/src/EP_opengm-build/CMakeFiles/CMakeTmp

Run Build Command:"/usr/bin/make" "cmTC_de313/fast"
make[3]: Entering directory '/home/vigneshnuc/catkin_ws/build/Extra Packages/cob_extern/opengm/EP_opengm-prefix/src/EP_opengm-build/CMakeFiles/CMakeTmp'
/usr/bin/make -f CMakeFiles/cmTC_de313.dir/build.make CMakeFiles/cmTC_de313.dir/build
make[4]: Entering directory '/home/vigneshnuc/catkin_ws/build/Extra Packages/cob_extern/opengm/EP_opengm-prefix/src/EP_opengm-build/CMakeFiles/CMakeTmp'
Building C object CMakeFiles/cmTC_de313.dir/OPENGM_SIZE_OF_WCHAR_T.c.o
/usr/bin/cc     -o CMakeFiles/cmTC_de313.dir/OPENGM_SIZE_OF_WCHAR_T.c.o   -c "/home/vigneshnuc/catkin_ws/build/Extra Packages/cob_extern/opengm/EP_opengm-prefix/src/EP_opengm-build/CMakeFiles/CheckTypeSize/OPENGM_SIZE_OF_WCHAR_T.c"
Linking C executable cmTC_de313
/usr/bin/cmake -E cmake_link_script CMakeFiles/cmTC_de313.dir/link.txt --verbose=1
/usr/bin/cc       CMakeFiles/cmTC_de313.dir/OPENGM_SIZE_OF_WCHAR_T.c.o  -o cmTC_de313 -rdynamic 
make[4]: Leaving directory '/home/vigneshnuc/catkin_ws/build/Extra Packages/cob_extern/opengm/EP_opengm-prefix/src/EP_opengm-build/CMakeFiles/CMakeTmp'
make[3]: Leaving directory '/home/vigneshnuc/catkin_ws/build/Extra Packages/cob_extern/opengm/EP_opengm-prefix/src/EP_opengm-build/CMakeFiles/CMakeTmp'


Determining size of short passed with the following output:
Change Dir: /home/vigneshnuc/catkin_ws/build/Extra Packages/cob_extern/opengm/EP_opengm-prefix/src/EP_opengm-build/CMakeFiles/CMakeTmp

Run Build Command:"/usr/bin/make" "cmTC_e7a33/fast"
make[3]: Entering directory '/home/vigneshnuc/catkin_ws/build/Extra Packages/cob_extern/opengm/EP_opengm-prefix/src/EP_opengm-build/CMakeFiles/CMakeTmp'
/usr/bin/make -f CMakeFiles/cmTC_e7a33.dir/build.make CMakeFiles/cmTC_e7a33.dir/build
make[4]: Entering directory '/home/vigneshnuc/catkin_ws/build/Extra Packages/cob_extern/opengm/EP_opengm-prefix/src/EP_opengm-build/CMakeFiles/CMakeTmp'
Building C object CMakeFiles/cmTC_e7a33.dir/OPENGM_SIZE_OF_SHORT.c.o
/usr/bin/cc     -o CMakeFiles/cmTC_e7a33.dir/OPENGM_SIZE_OF_SHORT.c.o   -c "/home/vigneshnuc/catkin_ws/build/Extra Packages/cob_extern/opengm/EP_opengm-prefix/src/EP_opengm-build/CMakeFiles/CheckTypeSize/OPENGM_SIZE_OF_SHORT.c"
Linking C executable cmTC_e7a33
/usr/bin/cmake -E cmake_link_script CMakeFiles/cmTC_e7a33.dir/link.txt --verbose=1
/usr/bin/cc       CMakeFiles/cmTC_e7a33.dir/OPENGM_SIZE_OF_SHORT.c.o  -o cmTC_e7a33 -rdynamic 
make[4]: Leaving directory '/home/vigneshnuc/catkin_ws/build/Extra Packages/cob_extern/opengm/EP_opengm-prefix/src/EP_opengm-build/CMakeFiles/CMakeTmp'
make[3]: Leaving directory '/home/vigneshnuc/catkin_ws/build/Extra Packages/cob_extern/opengm/EP_opengm-prefix/src/EP_opengm-build/CMakeFiles/CMakeTmp'


Determining size of unsigned short passed with the following output:
Change Dir: /home/vigneshnuc/catkin_ws/build/Extra Packages/cob_extern/opengm/EP_opengm-prefix/src/EP_opengm-build/CMakeFiles/CMakeTmp

Run Build Command:"/usr/bin/make" "cmTC_ce42e/fast"
make[3]: Entering directory '/home/vigneshnuc/catkin_ws/build/Extra Packages/cob_extern/opengm/EP_opengm-prefix/src/EP_opengm-build/CMakeFiles/CMakeTmp'
/usr/bin/make -f CMakeFiles/cmTC_ce42e.dir/build.make CMakeFiles/cmTC_ce42e.dir/build
make[4]: Entering directory '/home/vigneshnuc/catkin_ws/build/Extra Packages/cob_extern/opengm/EP_opengm-prefix/src/EP_opengm-build/CMakeFiles/CMakeTmp'
Building C object CMakeFiles/cmTC_ce42e.dir/OPENGM_SIZE_OF_UNSIGNED_SHORT.c.o
/usr/bin/cc     -o CMakeFiles/cmTC_ce42e.dir/OPENGM_SIZE_OF_UNSIGNED_SHORT.c.o   -c "/home/vigneshnuc/catkin_ws/build/Extra Packages/cob_extern/opengm/EP_opengm-prefix/src/EP_opengm-build/CMakeFiles/CheckTypeSize/OPENGM_SIZE_OF_UNSIGNED_SHORT.c"
Linking C executable cmTC_ce42e
/usr/bin/cmake -E cmake_link_script CMakeFiles/cmTC_ce42e.dir/link.txt --verbose=1
/usr/bin/cc       CMakeFiles/cmTC_ce42e.dir/OPENGM_SIZE_OF_UNSIGNED_SHORT.c.o  -o cmTC_ce42e -rdynamic 
make[4]: Leaving directory '/home/vigneshnuc/catkin_ws/build/Extra Packages/cob_extern/opengm/EP_opengm-prefix/src/EP_opengm-build/CMakeFiles/CMakeTmp'
make[3]: Leaving directory '/home/vigneshnuc/catkin_ws/build/Extra Packages/cob_extern/opengm/EP_opengm-prefix/src/EP_opengm-build/CMakeFiles/CMakeTmp'


Determining size of int passed with the following output:
Change Dir: /home/vigneshnuc/catkin_ws/build/Extra Packages/cob_extern/opengm/EP_opengm-prefix/src/EP_opengm-build/CMakeFiles/CMakeTmp

Run Build Command:"/usr/bin/make" "cmTC_03b94/fast"
make[3]: Entering directory '/home/vigneshnuc/catkin_ws/build/Extra Packages/cob_extern/opengm/EP_opengm-prefix/src/EP_opengm-build/CMakeFiles/CMakeTmp'
/usr/bin/make -f CMakeFiles/cmTC_03b94.dir/build.make CMakeFiles/cmTC_03b94.dir/build
make[4]: Entering directory '/home/vigneshnuc/catkin_ws/build/Extra Packages/cob_extern/opengm/EP_opengm-prefix/src/EP_opengm-build/CMakeFiles/CMakeTmp'
Building C object CMakeFiles/cmTC_03b94.dir/OPENGM_SIZE_OF_INT.c.o
/usr/bin/cc     -o CMakeFiles/cmTC_03b94.dir/OPENGM_SIZE_OF_INT.c.o   -c "/home/vigneshnuc/catkin_ws/build/Extra Packages/cob_extern/opengm/EP_opengm-prefix/src/EP_opengm-build/CMakeFiles/CheckTypeSize/OPENGM_SIZE_OF_INT.c"
Linking C executable cmTC_03b94
/usr/bin/cmake -E cmake_link_script CMakeFiles/cmTC_03b94.dir/link.txt --verbose=1
/usr/bin/cc       CMakeFiles/cmTC_03b94.dir/OPENGM_SIZE_OF_INT.c.o  -o cmTC_03b94 -rdynamic 
make[4]: Leaving directory '/home/vigneshnuc/catkin_ws/build/Extra Packages/cob_extern/opengm/EP_opengm-prefix/src/EP_opengm-build/CMakeFiles/CMakeTmp'
make[3]: Leaving directory '/home/vigneshnuc/catkin_ws/build/Extra Packages/cob_extern/opengm/EP_opengm-prefix/src/EP_opengm-build/CMakeFiles/CMakeTmp'


Determining size of unsigned int passed with the following output:
Change Dir: /home/vigneshnuc/catkin_ws/build/Extra Packages/cob_extern/opengm/EP_opengm-prefix/src/EP_opengm-build/CMakeFiles/CMakeTmp

Run Build Command:"/usr/bin/make" "cmTC_1eff9/fast"
make[3]: Entering directory '/home/vigneshnuc/catkin_ws/build/Extra Packages/cob_extern/opengm/EP_opengm-prefix/src/EP_opengm-build/CMakeFiles/CMakeTmp'
/usr/bin/make -f CMakeFiles/cmTC_1eff9.dir/build.make CMakeFiles/cmTC_1eff9.dir/build
make[4]: Entering directory '/home/vigneshnuc/catkin_ws/build/Extra Packages/cob_extern/opengm/EP_opengm-prefix/src/EP_opengm-build/CMakeFiles/CMakeTmp'
Building C object CMakeFiles/cmTC_1eff9.dir/OPENGM_SIZE_OF_UNSIGNED_INT.c.o
/usr/bin/cc     -o CMakeFiles/cmTC_1eff9.dir/OPENGM_SIZE_OF_UNSIGNED_INT.c.o   -c "/home/vigneshnuc/catkin_ws/build/Extra Packages/cob_extern/opengm/EP_opengm-prefix/src/EP_opengm-build/CMakeFiles/CheckTypeSize/OPENGM_SIZE_OF_UNSIGNED_INT.c"
Linking C executable cmTC_1eff9
/usr/bin/cmake -E cmake_link_script CMakeFiles/cmTC_1eff9.dir/link.txt --verbose=1
/usr/bin/cc       CMakeFiles/cmTC_1eff9.dir/OPENGM_SIZE_OF_UNSIGNED_INT.c.o  -o cmTC_1eff9 -rdynamic 
make[4]: Leaving directory '/home/vigneshnuc/catkin_ws/build/Extra Packages/cob_extern/opengm/EP_opengm-prefix/src/EP_opengm-build/CMakeFiles/CMakeTmp'
make[3]: Leaving directory '/home/vigneshnuc/catkin_ws/build/Extra Packages/cob_extern/opengm/EP_opengm-prefix/src/EP_opengm-build/CMakeFiles/CMakeTmp'


Determining size of long passed with the following output:
Change Dir: /home/vigneshnuc/catkin_ws/build/Extra Packages/cob_extern/opengm/EP_opengm-prefix/src/EP_opengm-build/CMakeFiles/CMakeTmp

Run Build Command:"/usr/bin/make" "cmTC_8c798/fast"
make[3]: Entering directory '/home/vigneshnuc/catkin_ws/build/Extra Packages/cob_extern/opengm/EP_opengm-prefix/src/EP_opengm-build/CMakeFiles/CMakeTmp'
/usr/bin/make -f CMakeFiles/cmTC_8c798.dir/build.make CMakeFiles/cmTC_8c798.dir/build
make[4]: Entering directory '/home/vigneshnuc/catkin_ws/build/Extra Packages/cob_extern/opengm/EP_opengm-prefix/src/EP_opengm-build/CMakeFiles/CMakeTmp'
Building C object CMakeFiles/cmTC_8c798.dir/OPENGM_SIZE_OF_LONG.c.o
/usr/bin/cc     -o CMakeFiles/cmTC_8c798.dir/OPENGM_SIZE_OF_LONG.c.o   -c "/home/vigneshnuc/catkin_ws/build/Extra Packages/cob_extern/opengm/EP_opengm-prefix/src/EP_opengm-build/CMakeFiles/CheckTypeSize/OPENGM_SIZE_OF_LONG.c"
Linking C executable cmTC_8c798
/usr/bin/cmake -E cmake_link_script CMakeFiles/cmTC_8c798.dir/link.txt --verbose=1
/usr/bin/cc       CMakeFiles/cmTC_8c798.dir/OPENGM_SIZE_OF_LONG.c.o  -o cmTC_8c798 -rdynamic 
make[4]: Leaving directory '/home/vigneshnuc/catkin_ws/build/Extra Packages/cob_extern/opengm/EP_opengm-prefix/src/EP_opengm-build/CMakeFiles/CMakeTmp'
make[3]: Leaving directory '/home/vigneshnuc/catkin_ws/build/Extra Packages/cob_extern/opengm/EP_opengm-prefix/src/EP_opengm-build/CMakeFiles/CMakeTmp'


Determining size of unsigned long passed with the following output:
Change Dir: /home/vigneshnuc/catkin_ws/build/Extra Packages/cob_extern/opengm/EP_opengm-prefix/src/EP_opengm-build/CMakeFiles/CMakeTmp

Run Build Command:"/usr/bin/make" "cmTC_8239a/fast"
make[3]: Entering directory '/home/vigneshnuc/catkin_ws/build/Extra Packages/cob_extern/opengm/EP_opengm-prefix/src/EP_opengm-build/CMakeFiles/CMakeTmp'
/usr/bin/make -f CMakeFiles/cmTC_8239a.dir/build.make CMakeFiles/cmTC_8239a.dir/build
make[4]: Entering directory '/home/vigneshnuc/catkin_ws/build/Extra Packages/cob_extern/opengm/EP_opengm-prefix/src/EP_opengm-build/CMakeFiles/CMakeTmp'
Building C object CMakeFiles/cmTC_8239a.dir/OPENGM_SIZE_OF_UNSIGNED_LONG.c.o
/usr/bin/cc     -o CMakeFiles/cmTC_8239a.dir/OPENGM_SIZE_OF_UNSIGNED_LONG.c.o   -c "/home/vigneshnuc/catkin_ws/build/Extra Packages/cob_extern/opengm/EP_opengm-prefix/src/EP_opengm-build/CMakeFiles/CheckTypeSize/OPENGM_SIZE_OF_UNSIGNED_LONG.c"
Linking C executable cmTC_8239a
/usr/bin/cmake -E cmake_link_script CMakeFiles/cmTC_8239a.dir/link.txt --verbose=1
/usr/bin/cc       CMakeFiles/cmTC_8239a.dir/OPENGM_SIZE_OF_UNSIGNED_LONG.c.o  -o cmTC_8239a -rdynamic 
make[4]: Leaving directory '/home/vigneshnuc/catkin_ws/build/Extra Packages/cob_extern/opengm/EP_opengm-prefix/src/EP_opengm-build/CMakeFiles/CMakeTmp'
make[3]: Leaving directory '/home/vigneshnuc/catkin_ws/build/Extra Packages/cob_extern/opengm/EP_opengm-prefix/src/EP_opengm-build/CMakeFiles/CMakeTmp'


Determining size of long long passed with the following output:
Change Dir: /home/vigneshnuc/catkin_ws/build/Extra Packages/cob_extern/opengm/EP_opengm-prefix/src/EP_opengm-build/CMakeFiles/CMakeTmp

Run Build Command:"/usr/bin/make" "cmTC_9f93f/fast"
make[3]: Entering directory '/home/vigneshnuc/catkin_ws/build/Extra Packages/cob_extern/opengm/EP_opengm-prefix/src/EP_opengm-build/CMakeFiles/CMakeTmp'
/usr/bin/make -f CMakeFiles/cmTC_9f93f.dir/build.make CMakeFiles/cmTC_9f93f.dir/build
make[4]: Entering directory '/home/vigneshnuc/catkin_ws/build/Extra Packages/cob_extern/opengm/EP_opengm-prefix/src/EP_opengm-build/CMakeFiles/CMakeTmp'
Building C object CMakeFiles/cmTC_9f93f.dir/OPENGM_SIZE_OF_LONG_LONG.c.o
/usr/bin/cc     -o CMakeFiles/cmTC_9f93f.dir/OPENGM_SIZE_OF_LONG_LONG.c.o   -c "/home/vigneshnuc/catkin_ws/build/Extra Packages/cob_extern/opengm/EP_opengm-prefix/src/EP_opengm-build/CMakeFiles/CheckTypeSize/OPENGM_SIZE_OF_LONG_LONG.c"
Linking C executable cmTC_9f93f
/usr/bin/cmake -E cmake_link_script CMakeFiles/cmTC_9f93f.dir/link.txt --verbose=1
/usr/bin/cc       CMakeFiles/cmTC_9f93f.dir/OPENGM_SIZE_OF_LONG_LONG.c.o  -o cmTC_9f93f -rdynamic 
make[4]: Leaving directory '/home/vigneshnuc/catkin_ws/build/Extra Packages/cob_extern/opengm/EP_opengm-prefix/src/EP_opengm-build/CMakeFiles/CMakeTmp'
make[3]: Leaving directory '/home/vigneshnuc/catkin_ws/build/Extra Packages/cob_extern/opengm/EP_opengm-prefix/src/EP_opengm-build/CMakeFiles/CMakeTmp'


Determining size of unsigned long long passed with the following output:
Change Dir: /home/vigneshnuc/catkin_ws/build/Extra Packages/cob_extern/opengm/EP_opengm-prefix/src/EP_opengm-build/CMakeFiles/CMakeTmp

Run Build Command:"/usr/bin/make" "cmTC_34050/fast"
make[3]: Entering directory '/home/vigneshnuc/catkin_ws/build/Extra Packages/cob_extern/opengm/EP_opengm-prefix/src/EP_opengm-build/CMakeFiles/CMakeTmp'
/usr/bin/make -f CMakeFiles/cmTC_34050.dir/build.make CMakeFiles/cmTC_34050.dir/build
make[4]: Entering directory '/home/vigneshnuc/catkin_ws/build/Extra Packages/cob_extern/opengm/EP_opengm-prefix/src/EP_opengm-build/CMakeFiles/CMakeTmp'
Building C object CMakeFiles/cmTC_34050.dir/OPENGM_SIZE_OF_UNSIGNED_LONG_LONG.c.o
/usr/bin/cc     -o CMakeFiles/cmTC_34050.dir/OPENGM_SIZE_OF_UNSIGNED_LONG_LONG.c.o   -c "/home/vigneshnuc/catkin_ws/build/Extra Packages/cob_extern/opengm/EP_opengm-prefix/src/EP_opengm-build/CMakeFiles/CheckTypeSize/OPENGM_SIZE_OF_UNSIGNED_LONG_LONG.c"
Linking C executable cmTC_34050
/usr/bin/cmake -E cmake_link_script CMakeFiles/cmTC_34050.dir/link.txt --verbose=1
/usr/bin/cc       CMakeFiles/cmTC_34050.dir/OPENGM_SIZE_OF_UNSIGNED_LONG_LONG.c.o  -o cmTC_34050 -rdynamic 
make[4]: Leaving directory '/home/vigneshnuc/catkin_ws/build/Extra Packages/cob_extern/opengm/EP_opengm-prefix/src/EP_opengm-build/CMakeFiles/CMakeTmp'
make[3]: Leaving directory '/home/vigneshnuc/catkin_ws/build/Extra Packages/cob_extern/opengm/EP_opengm-prefix/src/EP_opengm-build/CMakeFiles/CMakeTmp'


Determining size of float passed with the following output:
Change Dir: /home/vigneshnuc/catkin_ws/build/Extra Packages/cob_extern/opengm/EP_opengm-prefix/src/EP_opengm-build/CMakeFiles/CMakeTmp

Run Build Command:"/usr/bin/make" "cmTC_e9c4e/fast"
make[3]: Entering directory '/home/vigneshnuc/catkin_ws/build/Extra Packages/cob_extern/opengm/EP_opengm-prefix/src/EP_opengm-build/CMakeFiles/CMakeTmp'
/usr/bin/make -f CMakeFiles/cmTC_e9c4e.dir/build.make CMakeFiles/cmTC_e9c4e.dir/build
make[4]: Entering directory '/home/vigneshnuc/catkin_ws/build/Extra Packages/cob_extern/opengm/EP_opengm-prefix/src/EP_opengm-build/CMakeFiles/CMakeTmp'
Building C object CMakeFiles/cmTC_e9c4e.dir/OPENGM_SIZE_OF_FLOAT.c.o
/usr/bin/cc     -o CMakeFiles/cmTC_e9c4e.dir/OPENGM_SIZE_OF_FLOAT.c.o   -c "/home/vigneshnuc/catkin_ws/build/Extra Packages/cob_extern/opengm/EP_opengm-prefix/src/EP_opengm-build/CMakeFiles/CheckTypeSize/OPENGM_SIZE_OF_FLOAT.c"
Linking C executable cmTC_e9c4e
/usr/bin/cmake -E cmake_link_script CMakeFiles/cmTC_e9c4e.dir/link.txt --verbose=1
/usr/bin/cc       CMakeFiles/cmTC_e9c4e.dir/OPENGM_SIZE_OF_FLOAT.c.o  -o cmTC_e9c4e -rdynamic 
make[4]: Leaving directory '/home/vigneshnuc/catkin_ws/build/Extra Packages/cob_extern/opengm/EP_opengm-prefix/src/EP_opengm-build/CMakeFiles/CMakeTmp'
make[3]: Leaving directory '/home/vigneshnuc/catkin_ws/build/Extra Packages/cob_extern/opengm/EP_opengm-prefix/src/EP_opengm-build/CMakeFiles/CMakeTmp'


Determining size of double passed with the following output:
Change Dir: /home/vigneshnuc/catkin_ws/build/Extra Packages/cob_extern/opengm/EP_opengm-prefix/src/EP_opengm-build/CMakeFiles/CMakeTmp

Run Build Command:"/usr/bin/make" "cmTC_659c3/fast"
make[3]: Entering directory '/home/vigneshnuc/catkin_ws/build/Extra Packages/cob_extern/opengm/EP_opengm-prefix/src/EP_opengm-build/CMakeFiles/CMakeTmp'
/usr/bin/make -f CMakeFiles/cmTC_659c3.dir/build.make CMakeFiles/cmTC_659c3.dir/build
make[4]: Entering directory '/home/vigneshnuc/catkin_ws/build/Extra Packages/cob_extern/opengm/EP_opengm-prefix/src/EP_opengm-build/CMakeFiles/CMakeTmp'
Building C object CMakeFiles/cmTC_659c3.dir/OPENGM_SIZE_OF_DOUBLE.c.o
/usr/bin/cc     -o CMakeFiles/cmTC_659c3.dir/OPENGM_SIZE_OF_DOUBLE.c.o   -c "/home/vigneshnuc/catkin_ws/build/Extra Packages/cob_extern/opengm/EP_opengm-prefix/src/EP_opengm-build/CMakeFiles/CheckTypeSize/OPENGM_SIZE_OF_DOUBLE.c"
Linking C executable cmTC_659c3
/usr/bin/cmake -E cmake_link_script CMakeFiles/cmTC_659c3.dir/link.txt --verbose=1
/usr/bin/cc       CMakeFiles/cmTC_659c3.dir/OPENGM_SIZE_OF_DOUBLE.c.o  -o cmTC_659c3 -rdynamic 
make[4]: Leaving directory '/home/vigneshnuc/catkin_ws/build/Extra Packages/cob_extern/opengm/EP_opengm-prefix/src/EP_opengm-build/CMakeFiles/CMakeTmp'
make[3]: Leaving directory '/home/vigneshnuc/catkin_ws/build/Extra Packages/cob_extern/opengm/EP_opengm-prefix/src/EP_opengm-build/CMakeFiles/CMakeTmp'


Determining size of long double passed with the following output:
Change Dir: /home/vigneshnuc/catkin_ws/build/Extra Packages/cob_extern/opengm/EP_opengm-prefix/src/EP_opengm-build/CMakeFiles/CMakeTmp

Run Build Command:"/usr/bin/make" "cmTC_68872/fast"
make[3]: Entering directory '/home/vigneshnuc/catkin_ws/build/Extra Packages/cob_extern/opengm/EP_opengm-prefix/src/EP_opengm-build/CMakeFiles/CMakeTmp'
/usr/bin/make -f CMakeFiles/cmTC_68872.dir/build.make CMakeFiles/cmTC_68872.dir/build
make[4]: Entering directory '/home/vigneshnuc/catkin_ws/build/Extra Packages/cob_extern/opengm/EP_opengm-prefix/src/EP_opengm-build/CMakeFiles/CMakeTmp'
Building C object CMakeFiles/cmTC_68872.dir/OPENGM_SIZE_OF_LONG_DOUBLE.c.o
/usr/bin/cc     -o CMakeFiles/cmTC_68872.dir/OPENGM_SIZE_OF_LONG_DOUBLE.c.o   -c "/home/vigneshnuc/catkin_ws/build/Extra Packages/cob_extern/opengm/EP_opengm-prefix/src/EP_opengm-build/CMakeFiles/CheckTypeSize/OPENGM_SIZE_OF_LONG_DOUBLE.c"
Linking C executable cmTC_68872
/usr/bin/cmake -E cmake_link_script CMakeFiles/cmTC_68872.dir/link.txt --verbose=1
/usr/bin/cc       CMakeFiles/cmTC_68872.dir/OPENGM_SIZE_OF_LONG_DOUBLE.c.o  -o cmTC_68872 -rdynamic 
make[4]: Leaving directory '/home/vigneshnuc/catkin_ws/build/Extra Packages/cob_extern/opengm/EP_opengm-prefix/src/EP_opengm-build/CMakeFiles/CMakeTmp'
make[3]: Leaving directory '/home/vigneshnuc/catkin_ws/build/Extra Packages/cob_extern/opengm/EP_opengm-prefix/src/EP_opengm-build/CMakeFiles/CMakeTmp'


